[{"stream_name":"stdout","time":8.402227092,"data":"[22:08:12] torch 2.10.0+cu128 cuda=True device=cuda\n"}
,{"stream_name":"stdout","time":8.405004163,"data":"[22:08:12] loading data\n"}
,{"stream_name":"stderr","time":8.411375996,"data":"Traceback (most recent call last):\n"}
,{"stream_name":"stderr","time":8.411418704,"data":"  File \"/kaggle/src/script.py\", line 419, in \u003cmodule\u003e\n"}
,{"stream_name":"stderr","time":8.41163505,"data":"    main()\n"}
,{"stream_name":"stderr","time":8.411642665,"data":"  File \"/kaggle/src/script.py\", line 208, in main\n"}
,{"stream_name":"stderr","time":8.411920677,"data":"    tr = pd.read_csv(IN_COMP / \"train.csv\")\n"}
,{"stream_name":"stderr","time":8.412010568,"data":"         ^^^^^^^^^^^^^^^^^^^^^^^^^^^^^^^^^^\n"}
,{"stream_name":"stderr","time":8.412066482,"data":"  File \"/usr/local/lib/python3.12/dist-packages/pandas/io/parsers/readers.py\", line 1026, in read_csv\n"}
,{"stream_name":"stderr","time":8.413332649,"data":"    return _read(filepath_or_buffer, kwds)\n"}
,{"stream_name":"stderr","time":8.413423912,"data":"           ^^^^^^^^^^^^^^^^^^^^^^^^^^^^^^^\n"}
,{"stream_name":"stderr","time":8.413478738,"data":"  File \"/usr/local/lib/python3.12/dist-packages/pandas/io/parsers/readers.py\", line 620, in _read\n"}
,{"stream_name":"stderr","time":8.413738649,"data":"    parser = TextFileReader(filepath_or_buffer, **kwds)\n"}
,{"stream_name":"stderr","time":8.413850334,"data":"             ^^^^^^^^^^^^^^^^^^^^^^^^^^^^^^^^^^^^^^^^^^\n"}
,{"stream_name":"stderr","time":8.413879584,"data":"  File \"/usr/local/lib/python3.12/dist-packages/pandas/io/parsers/readers.py\", line 1620, in __init__\n"}
,{"stream_name":"stderr","time":8.414393287,"data":"    self._engine = self._make_engine(f, self.engine)\n"}
,{"stream_name":"stderr","time":8.414516162,"data":"                   ^^^^^^^^^^^^^^^^^^^^^^^^^^^^^^^^^\n"}
,{"stream_name":"stderr","time":8.414524162,"data":"  File \"/usr/local/lib/python3.12/dist-packages/pandas/io/parsers/readers.py\", line 1880, in _make_engine\n"}
,{"stream_name":"stderr","time":8.414943168,"data":"    self.handles = get_handle(\n"}
,{"stream_name":"stderr","time":8.414961213,"data":"                   ^^^^^^^^^^^\n"}
,{"stream_name":"stderr","time":8.415040298,"data":"  File \"/usr/local/lib/python3.12/dist-packages/pandas/io/common.py\", line 873, in get_handle\n"}
,{"stream_name":"stderr","time":8.416174935,"data":"    handle = open(\n"}
,{"stream_name":"stderr","time":8.416186092,"data":"             ^^^^^\n"}
,{"stream_name":"stderr","time":8.418259633,"data":"FileNotFoundError: [Errno 2] No such file or directory: '/kaggle/input/playground-series-s6e4/train.csv'\n"}
,{"stream_name":"stderr","time":12.234363641,"data":"/usr/local/lib/python3.12/dist-packages/mistune.py:435: SyntaxWarning: invalid escape sequence '\\|'\n"}
,{"stream_name":"stderr","time":12.234394458,"data":"  cells[i][c] = re.sub('\\\\\\\\\\|', '|', cell)\n"}
,{"stream_name":"stderr","time":12.473546429,"data":"/usr/local/lib/python3.12/dist-packages/nbconvert/filters/filter_links.py:36: SyntaxWarning: invalid escape sequence '\\_'\n"}
,{"stream_name":"stderr","time":12.473578116,"data":"  text = re.sub(r'_', '\\_', text) # Escape underscores in display text\n"}
,{"stream_name":"stderr","time":13.266206662,"data":"[NbConvertApp] Converting notebook __script__.ipynb to html\n"}
,{"stream_name":"stderr","time":14.549173645,"data":"[NbConvertApp] Writing 373617 bytes to __results__.html\n"}
]