[{"stream_name":"stdout","time":0.796589779,"data":"[boot] gpu compute_cap = ['6.0']\n"}
,{"stream_name":"stdout","time":0.796647114,"data":"[boot] sm_60/61 detected - installing torch 2.5.1 cu121\n"}
,{"stream_name":"stdout","time":12.347721566,"data":"     ━━━━━━━━━━━━━━━━━━━━━━━━━━━━━━━━━━━━━━━ 780.4/780.4 MB 2.3 MB/s eta 0:00:00\n"}
,{"stream_name":"stdout","time":61.304940074,"data":"[boot] installing pytabkit\n"}
,{"stream_name":"stdout","time":63.519498791,"data":"   ━━━━━━━━━━━━━━━━━━━━━━━━━━━━━━━━━━━━━━━━ 364.0/364.0 kB 11.1 MB/s eta 0:00:00\n"}
,{"stream_name":"stdout","time":67.326658255,"data":"   ━━━━━━━━━━━━━━━━━━━━━━━━━━━━━━━━━━━━━━━━ 410.6/410.6 MB 4.5 MB/s eta 0:00:00\n"}
,{"stream_name":"stdout","time":67.456319111,"data":"   ━━━━━━━━━━━━━━━━━━━━━━━━━━━━━━━━━━━━━━━━ 14.1/14.1 MB 102.3 MB/s eta 0:00:00\n"}
,{"stream_name":"stdout","time":67.664760308,"data":"   ━━━━━━━━━━━━━━━━━━━━━━━━━━━━━━━━━━━━━━━━ 23.7/23.7 MB 75.1 MB/s eta 0:00:00\n"}
,{"stream_name":"stdout","time":67.692829072,"data":"   ━━━━━━━━━━━━━━━━━━━━━━━━━━━━━━━━━━━━━━━━ 823.6/823.6 kB 51.0 MB/s eta 0:00:00\n"}
,{"stream_name":"stdout","time":74.461035727,"data":"   ━━━━━━━━━━━━━━━━━━━━━━━━━━━━━━━━━━━━━━━━ 664.8/664.8 MB 2.7 MB/s eta 0:00:00\n"}
,{"stream_name":"stdout","time":75.901861207,"data":"   ━━━━━━━━━━━━━━━━━━━━━━━━━━━━━━━━━━━━━━━━ 121.6/121.6 MB 15.0 MB/s eta 0:00:00\n"}
,{"stream_name":"stdout","time":76.51258678,"data":"   ━━━━━━━━━━━━━━━━━━━━━━━━━━━━━━━━━━━━━━━━ 56.5/56.5 MB 32.9 MB/s eta 0:00:00\n"}
,{"stream_name":"stdout","time":78.412116897,"data":"   ━━━━━━━━━━━━━━━━━━━━━━━━━━━━━━━━━━━━━━━━ 124.2/124.2 MB 8.4 MB/s eta 0:00:00\n"}
,{"stream_name":"stdout","time":80.500883257,"data":"   ━━━━━━━━━━━━━━━━━━━━━━━━━━━━━━━━━━━━━━━━ 196.0/196.0 MB 9.6 MB/s eta 0:00:00\n"}
,{"stream_name":"stdout","time":82.458842762,"data":"   ━━━━━━━━━━━━━━━━━━━━━━━━━━━━━━━━━━━━━━━━ 188.7/188.7 MB 9.7 MB/s eta 0:00:00\n"}
,{"stream_name":"stdout","time":83.18543098,"data":"   ━━━━━━━━━━━━━━━━━━━━━━━━━━━━━━━━━━━━━━━━ 99.1/99.1 kB 125.0 kB/s eta 0:00:00\n"}
,{"stream_name":"stdout","time":84.030642701,"data":"   ━━━━━━━━━━━━━━━━━━━━━━━━━━━━━━━━━━━━━━━━ 6.2/6.2 MB 7.4 MB/s eta 0:00:00\n"}
,{"stream_name":"stdout","time":90.558078254,"data":"   ━━━━━━━━━━━━━━━━━━━━━━━━━━━━━━━━━━━━━━━━ 209.6/209.6 MB 1.9 MB/s eta 0:00:00\n"}
,{"stream_name":"stderr","time":178.655665878,"data":"ERROR: pip's dependency resolver does not currently take into account all the packages that are installed. This behaviour is the source of the following dependency conflicts.\n"}
,{"stream_name":"stderr","time":178.655724485,"data":"torchaudio 2.10.0+cu128 requires torch==2.10.0, but you have torch 2.5.1+cu121 which is incompatible.\n"}
,{"stream_name":"stderr","time":178.655740325,"data":"torchvision 0.25.0+cu128 requires torch==2.10.0, but you have torch 2.5.1+cu121 which is incompatible.\n"}
,{"stream_name":"stderr","time":186.991419519,"data":"Traceback (most recent call last):\n"}
,{"stream_name":"stderr","time":186.991481564,"data":"  File \"/kaggle/src/script.py\", line 83, in \u003cmodule\u003e\n"}
,{"stream_name":"stderr","time":186.991715071,"data":"    import pytabkit as _pt\n"}
,{"stream_name":"stderr","time":186.991732866,"data":"ModuleNotFoundError: No module named 'pytabkit'\n"}
,{"stream_name":"stderr","time":186.991739441,"data":"\n"}
,{"stream_name":"stderr","time":186.991745066,"data":"During handling of the above exception, another exception occurred:\n"}
,{"stream_name":"stderr","time":186.991750892,"data":"\n"}
,{"stream_name":"stderr","time":186.991756389,"data":"Traceback (most recent call last):\n"}
,{"stream_name":"stderr","time":186.991761605,"data":"  File \"/usr/local/lib/python3.12/dist-packages/pytabkit/models/alg_interfaces/nn_interfaces.py\", line 12, in \u003cmodule\u003e\n"}
,{"stream_name":"stderr","time":186.991768217,"data":"    import lightning.pytorch as pl\n"}
,{"stream_name":"stderr","time":186.991885762,"data":"ModuleNotFoundError: No module named 'lightning'\n"}
,{"stream_name":"stderr","time":186.991967897,"data":"\n"}
,{"stream_name":"stderr","time":186.991999721,"data":"During handling of the above exception, another exception occurred:\n"}
,{"stream_name":"stderr","time":186.992032433,"data":"\n"}
,{"stream_name":"stderr","time":186.992037896,"data":"Traceback (most recent call last):\n"}
,{"stream_name":"stderr","time":186.992043147,"data":"  File \"/kaggle/src/script.py\", line 89, in \u003cmodule\u003e\n"}
,{"stream_name":"stderr","time":186.992050819,"data":"    import pytabkit as _pt  # noqa\n"}
,{"stream_name":"stderr","time":186.992151261,"data":"    ^^^^^^^^^^^^^^^^^^^^^^\n"}
,{"stream_name":"stderr","time":186.992170227,"data":"  File \"/usr/local/lib/python3.12/dist-packages/pytabkit/__init__.py\", line 1, in \u003cmodule\u003e\n"}
,{"stream_name":"stderr","time":186.992351879,"data":"    from .models.sklearn.sklearn_interfaces import *\n"}
,{"stream_name":"stderr","time":186.992373144,"data":"  File \"/usr/local/lib/python3.12/dist-packages/pytabkit/models/sklearn/sklearn_interfaces.py\", line 11, in \u003cmodule\u003e\n"}
,{"stream_name":"stderr","time":186.992701869,"data":"    from pytabkit.models.alg_interfaces.nn_interfaces import NNAlgInterface, RandomParamsNNAlgInterface\n"}
,{"stream_name":"stderr","time":186.992717281,"data":"  File \"/usr/local/lib/python3.12/dist-packages/pytabkit/models/alg_interfaces/nn_interfaces.py\", line 14, in \u003cmodule\u003e\n"}
,{"stream_name":"stderr","time":186.992724232,"data":"    import pytorch_lightning as pl\n"}
,{"stream_name":"stderr","time":186.992729919,"data":"  File \"/usr/local/lib/python3.12/dist-packages/pytorch_lightning/__init__.py\", line 27, in \u003cmodule\u003e\n"}
,{"stream_name":"stderr","time":186.992933368,"data":"    from pytorch_lightning.callbacks import Callback  # noqa: E402\n"}
,{"stream_name":"stderr","time":186.992953196,"data":"    ^^^^^^^^^^^^^^^^^^^^^^^^^^^^^^^^^^^^^^^^^^^^^^^^\n"}
,{"stream_name":"stderr","time":186.992959218,"data":"  File \"/usr/local/lib/python3.12/dist-packages/pytorch_lightning/callbacks/__init__.py\", line 14, in \u003cmodule\u003e\n"}
,{"stream_name":"stderr","time":186.993080045,"data":"    from pytorch_lightning.callbacks.batch_size_finder import BatchSizeFinder\n"}
,{"stream_name":"stderr","time":186.99309046,"data":"  File \"/usr/local/lib/python3.12/dist-packages/pytorch_lightning/callbacks/batch_size_finder.py\", line 26, in \u003cmodule\u003e\n"}
,{"stream_name":"stderr","time":186.993187312,"data":"    from pytorch_lightning.callbacks.callback import Callback\n"}
,{"stream_name":"stderr","time":186.993196127,"data":"  File \"/usr/local/lib/python3.12/dist-packages/pytorch_lightning/callbacks/callback.py\", line 22, in \u003cmodule\u003e\n"}
,{"stream_name":"stderr","time":186.993347512,"data":"    from pytorch_lightning.utilities.types import STEP_OUTPUT\n"}
,{"stream_name":"stderr","time":186.993357245,"data":"  File \"/usr/local/lib/python3.12/dist-packages/pytorch_lightning/utilities/types.py\", line 36, in \u003cmodule\u003e\n"}
,{"stream_name":"stderr","time":186.993670645,"data":"    from torchmetrics import Metric\n"}
,{"stream_name":"stderr","time":186.993681977,"data":"  File \"/usr/local/lib/python3.12/dist-packages/torchmetrics/__init__.py\", line 37, in \u003cmodule\u003e\n"}
,{"stream_name":"stderr","time":186.994905794,"data":"    from torchmetrics import functional  # noqa: E402\n"}
,{"stream_name":"stderr","time":186.994921219,"data":"    ^^^^^^^^^^^^^^^^^^^^^^^^^^^^^^^^^^^\n"}
,{"stream_name":"stderr","time":186.994925707,"data":"  File \"/usr/local/lib/python3.12/dist-packages/torchmetrics/functional/__init__.py\", line 56, in \u003cmodule\u003e\n"}
,{"stream_name":"stderr","time":186.994930428,"data":"    from torchmetrics.functional.image._deprecated import (\n"}
,{"stream_name":"stderr","time":186.994934583,"data":"  File \"/usr/local/lib/python3.12/dist-packages/torchmetrics/functional/image/__init__.py\", line 14, in \u003cmodule\u003e\n"}
,{"stream_name":"stderr","time":186.994939155,"data":"    from torchmetrics.functional.image.arniqa import arniqa\n"}
,{"stream_name":"stderr","time":186.994942717,"data":"  File \"/usr/local/lib/python3.12/dist-packages/torchmetrics/functional/image/arniqa.py\", line 31, in \u003cmodule\u003e\n"}
,{"stream_name":"stderr","time":186.994946632,"data":"    from torchvision import transforms\n"}
,{"stream_name":"stderr","time":186.994950354,"data":"  File \"/usr/local/lib/python3.12/dist-packages/torchvision/__init__.py\", line 10, in \u003cmodule\u003e\n"}
,{"stream_name":"stderr","time":186.994954512,"data":"    from torchvision import _meta_registrations, datasets, io, models, ops, transforms, utils  # usort:skip\n"}
,{"stream_name":"stderr","time":186.994958912,"data":"    ^^^^^^^^^^^^^^^^^^^^^^^^^^^^^^^^^^^^^^^^^^^^^^^^^^^^^^^^^^^^^^^^^^^^^^^^^^^^^^^^^^^^^^^^^\n"}
,{"stream_name":"stderr","time":186.994962987,"data":"  File \"/usr/local/lib/python3.12/dist-packages/torchvision/_meta_registrations.py\", line 25, in \u003cmodule\u003e\n"}
,{"stream_name":"stderr","time":186.994967111,"data":"    @register_meta(\"roi_align\")\n"}
,{"stream_name":"stderr","time":186.994970936,"data":"     ^^^^^^^^^^^^^^^^^^^^^^^^^^\n"}
,{"stream_name":"stderr","time":186.994974734,"data":"  File \"/usr/local/lib/python3.12/dist-packages/torchvision/_meta_registrations.py\", line 18, in wrapper\n"}
,{"stream_name":"stderr","time":186.994978625,"data":"    if torchvision.extension._has_ops():\n"}
,{"stream_name":"stderr","time":186.99498251,"data":"       ^^^^^^^^^^^^^^^^^^^^^\n"}
,{"stream_name":"stderr","time":186.994986298,"data":"AttributeError: partially initialized module 'torchvision' has no attribute 'extension' (most likely due to a circular import)\n"}
,{"stream_name":"stderr","time":190.348993206,"data":"/usr/local/lib/python3.12/dist-packages/mistune.py:435: SyntaxWarning: invalid escape sequence '\\|'\n"}
,{"stream_name":"stderr","time":190.349027991,"data":"  cells[i][c] = re.sub('\\\\\\\\\\|', '|', cell)\n"}
,{"stream_name":"stderr","time":190.5656577,"data":"/usr/local/lib/python3.12/dist-packages/nbconvert/filters/filter_links.py:36: SyntaxWarning: invalid escape sequence '\\_'\n"}
,{"stream_name":"stderr","time":190.565703783,"data":"  text = re.sub(r'_', '\\_', text) # Escape underscores in display text\n"}
,{"stream_name":"stderr","time":191.260015262,"data":"[NbConvertApp] Converting notebook __script__.ipynb to html\n"}
,{"stream_name":"stderr","time":192.441781348,"data":"[NbConvertApp] Writing 344825 bytes to __results__.html\n"}
]