[{"stream_name":"stdout","time":0.786058106,"data":"[boot] gpu compute_cap = ['6.0']\n"}
,{"stream_name":"stdout","time":0.786133755,"data":"[boot] sm_60/61 detected - installing torch 2.5.1 cu121\n"}
,{"stream_name":"stdout","time":11.864983851,"data":"     ━━━━━━━━━━━━━━━━━━━━━━━━━━━━━━━━━━━━━━━ 780.4/780.4 MB 2.3 MB/s eta 0:00:00\n"}
,{"stream_name":"stdout","time":59.683030656,"data":"[08:59:09] torch 2.5.1+cu121  cuda=True  device=cuda\n"}
,{"stream_name":"stdout","time":59.683774718,"data":"[08:59:09] listing /kaggle/input/\n"}
,{"stream_name":"stdout","time":59.694814811,"data":"[08:59:09]   /kaggle/input/competitions/playground-series-s6e4/sample_submission.csv\n"}
,{"stream_name":"stdout","time":59.695256446,"data":"[08:59:09]   /kaggle/input/competitions/playground-series-s6e4/test.csv\n"}
,{"stream_name":"stdout","time":59.695749446,"data":"[08:59:09]   /kaggle/input/competitions/playground-series-s6e4/train.csv\n"}
,{"stream_name":"stdout","time":59.695761108,"data":"[08:59:09]   /kaggle/input/datasets/chrisleitescha/irrigation-greedy-blend-oof/oof_greedy_blend.npy\n"}
,{"stream_name":"stdout","time":59.695866839,"data":"[08:59:09]   /kaggle/input/datasets/chrisleitescha/irrigation-greedy-blend-oof/oof_xgb_nonrule.npy\n"}
,{"stream_name":"stdout","time":59.695906048,"data":"[08:59:09]   /kaggle/input/datasets/chrisleitescha/irrigation-greedy-blend-oof/test_greedy_blend.npy\n"}
,{"stream_name":"stdout","time":59.695913026,"data":"[08:59:09]   /kaggle/input/datasets/chrisleitescha/irrigation-greedy-blend-oof/test_xgb_nonrule.npy\n"}
,{"stream_name":"stdout","time":59.696037088,"data":"[08:59:09]   /kaggle/input/irrigation-prediction-original/irrigation_prediction.csv\n"}
,{"stream_name":"stdout","time":59.705352094,"data":"[08:59:09] train:/kaggle/input/competitions/playground-series-s6e4/train.csv  test:/kaggle/input/competitions/playground-series-s6e4/test.csv  orig:/kaggle/input/irrigation-prediction-original/irrigation_prediction.csv  gate:/kaggle/input/datasets/chrisleitescha/irrigation-greedy-blend-oof/oof_greedy_blend.npy\n"}
,{"stream_name":"stdout","time":62.39998313,"data":"[08:59:11] train (630000, 21)  test (270000, 20)  orig (10000, 20)  gate (630000, 3)\n"}
,{"stream_name":"stdout","time":62.400033541,"data":"[08:59:11] feature engineering\n"}
,{"stream_name":"stdout","time":62.664301376,"data":"[08:59:12] features: 35 numeric + 8 categorical\n"}
,{"stream_name":"stdout","time":63.756321202,"data":"[08:59:13] cat cards: {'Soil_Type': 4, 'Crop_Type': 6, 'Crop_Growth_Stage': 4, 'Season': 3, 'Irrigation_Type': 4, 'Water_Source': 4, 'Mulching_Used': 2, 'Region': 5}\n"}
,{"stream_name":"stdout","time":64.212271724,"data":"[08:59:13] priors synth [0.5872, 0.3795, 0.0333]  orig [0.5864, 0.38, 0.0336]\n"}
,{"stream_name":"stdout","time":64.293921906,"data":"[08:59:13] === fold 1/5  train 504000  val 126000 ===\n"}
,{"stream_name":"stdout","time":64.305870055,"data":"[08:59:13]   model params: 1,009,075\n"}
,{"stream_name":"stdout","time":64.305914333,"data":"[08:59:13]   [phase 1] pretrain on 10k original (30 epochs)\n"}
,{"stream_name":"stdout","time":69.099344755,"data":"[08:59:18]     [pretrain] ep 10/30  loss 0.0003  orig bal 1.0000\n"}
,{"stream_name":"stdout","time":69.870721281,"data":"[08:59:19]     [pretrain] ep 20/30  loss 0.0000  orig bal 1.0000\n"}
,{"stream_name":"stdout","time":70.634214154,"data":"[08:59:19]     [pretrain] ep 30/30  loss 0.0000  orig bal 1.0000\n"}
,{"stream_name":"stdout","time":70.634390959,"data":"[08:59:19]   pretrain done (6s)\n"}
,{"stream_name":"stdout","time":70.634403583,"data":"[08:59:19]   [phase 2] fine-tune on synthetic fold (15 epochs, lr=0.0001, batch=4096)\n"}
,{"stream_name":"stdout","time":75.231605984,"data":"[08:59:24]     [finetune] ep  1/15  loss 0.1217  val bal 0.96049  lr 1.0e-04\n"}
,{"stream_name":"stdout","time":79.693050371,"data":"[08:59:29]     [finetune] ep  2/15  loss 0.0721  val bal 0.96051  lr 9.8e-05\n"}
,{"stream_name":"stdout","time":84.177688892,"data":"[08:59:33]     [finetune] ep  3/15  loss 0.0693  val bal 0.96052  lr 9.4e-05\n"}
,{"stream_name":"stdout","time":88.705002431,"data":"[08:59:38]     [finetune] ep  4/15  loss 0.0679  val bal 0.96268  lr 8.8e-05\n"}
,{"stream_name":"stdout","time":93.209418893,"data":"[08:59:42]     [finetune] ep  5/15  loss 0.0666  val bal 0.96293  lr 8.0e-05\n"}
,{"stream_name":"stdout","time":97.669452583,"data":"[08:59:47]     [finetune] ep  6/15  loss 0.0661  val bal 0.96329  lr 7.0e-05\n"}
,{"stream_name":"stdout","time":102.101760174,"data":"[08:59:51]     [finetune] ep  7/15  loss 0.0657  val bal 0.96325  lr 6.0e-05\n"}
,{"stream_name":"stdout","time":106.489718757,"data":"[08:59:55]     [finetune] ep  8/15  loss 0.0656  val bal 0.96327  lr 4.9e-05\n"}
,{"stream_name":"stdout","time":110.826625086,"data":"[09:00:00]     [finetune] ep  9/15  loss 0.0653  val bal 0.96304  lr 3.8e-05\n"}
,{"stream_name":"stdout","time":115.241447724,"data":"[09:00:04]     [finetune] ep 10/15  loss 0.0651  val bal 0.96320  lr 2.7e-05\n"}
,{"stream_name":"stdout","time":119.650072092,"data":"[09:00:08]     [finetune] ep 11/15  loss 0.0649  val bal 0.96330  lr 1.8e-05\n"}
,{"stream_name":"stdout","time":124.189276299,"data":"[09:00:13]     [finetune] ep 12/15  loss 0.0648  val bal 0.96311  lr 1.1e-05\n"}
,{"stream_name":"stdout","time":128.561243475,"data":"[09:00:17]     [finetune] ep 13/15  loss 0.0648  val bal 0.96310  lr 4.8e-06\n"}
,{"stream_name":"stdout","time":133.204305402,"data":"[09:00:22]     [finetune] ep 14/15  loss 0.0648  val bal 0.96323  lr 1.2e-06\n"}
,{"stream_name":"stdout","time":137.7662101,"data":"[09:00:27]     [finetune] ep 15/15  loss 0.0647  val bal 0.96310  lr 8.0e-11\n"}
,{"stream_name":"stdout","time":137.767209225,"data":"[09:00:27]   finetune done (67s)  best val 0.96330\n"}
,{"stream_name":"stdout","time":137.965348574,"data":"[09:00:27]   fold-1 error-Jaccard (MLP vs greedy) = 0.6626  inter=1677  union=2531  MLP errs=2436  greedy errs=1772\n"}
,{"stream_name":"stdout","time":137.972227179,"data":"[09:00:27] === fold 2/5  train 504000  val 126000 ===\n"}
,{"stream_name":"stdout","time":137.984054286,"data":"[09:00:27]   [phase 1] pretrain on 10k original (30 epochs)\n"}
,{"stream_name":"stdout","time":138.761179377,"data":"[09:00:28]     [pretrain] ep 10/30  loss 0.0005  orig bal 0.9999\n"}
,{"stream_name":"stdout","time":139.530088907,"data":"[09:00:28]     [pretrain] ep 20/30  loss 0.0001  orig bal 1.0000\n"}
,{"stream_name":"stdout","time":140.313938317,"data":"[09:00:29]     [pretrain] ep 30/30  loss 0.0004  orig bal 0.9999\n"}
,{"stream_name":"stdout","time":140.314067669,"data":"[09:00:29]   pretrain done (2s)\n"}
,{"stream_name":"stdout","time":140.31409155,"data":"[09:00:29]   [phase 2] fine-tune on synthetic fold (15 epochs, lr=0.0001, batch=4096)\n"}
,{"stream_name":"stdout","time":145.086857274,"data":"[09:00:34]     [finetune] ep  1/15  loss 0.1158  val bal 0.96144  lr 1.0e-04\n"}
,{"stream_name":"stdout","time":149.421272019,"data":"[09:00:38]     [finetune] ep  2/15  loss 0.0732  val bal 0.96150  lr 9.8e-05\n"}
,{"stream_name":"stdout","time":153.923525148,"data":"[09:00:43]     [finetune] ep  3/15  loss 0.0698  val bal 0.96174  lr 9.4e-05\n"}
,{"stream_name":"stdout","time":158.278442261,"data":"[09:00:47]     [finetune] ep  4/15  loss 0.0680  val bal 0.96231  lr 8.8e-05\n"}
,{"stream_name":"stdout","time":162.75663835,"data":"[09:00:52]     [finetune] ep  5/15  loss 0.0672  val bal 0.96391  lr 8.0e-05\n"}
,{"stream_name":"stdout","time":167.208400379,"data":"[09:00:56]     [finetune] ep  6/15  loss 0.0664  val bal 0.96427  lr 7.0e-05\n"}
,{"stream_name":"stdout","time":171.598148997,"data":"[09:01:00]     [finetune] ep  7/15  loss 0.0658  val bal 0.96426  lr 6.0e-05\n"}
,{"stream_name":"stdout","time":175.921525672,"data":"[09:01:05]     [finetune] ep  8/15  loss 0.0655  val bal 0.96414  lr 4.9e-05\n"}
,{"stream_name":"stdout","time":180.340319868,"data":"[09:01:09]     [finetune] ep  9/15  loss 0.0652  val bal 0.96449  lr 3.8e-05\n"}
,{"stream_name":"stdout","time":184.953802875,"data":"[09:01:14]     [finetune] ep 10/15  loss 0.0651  val bal 0.96438  lr 2.7e-05\n"}
,{"stream_name":"stdout","time":189.376802013,"data":"[09:01:18]     [finetune] ep 11/15  loss 0.0650  val bal 0.96443  lr 1.8e-05\n"}
,{"stream_name":"stdout","time":193.936674604,"data":"[09:01:23]     [finetune] ep 12/15  loss 0.0648  val bal 0.96437  lr 1.1e-05\n"}
,{"stream_name":"stdout","time":198.3540932,"data":"[09:01:27]     [finetune] ep 13/15  loss 0.0646  val bal 0.96421  lr 4.8e-06\n"}
,{"stream_name":"stdout","time":202.815668511,"data":"[09:01:32]     [finetune] ep 14/15  loss 0.0648  val bal 0.96415  lr 1.2e-06\n"}
,{"stream_name":"stdout","time":207.204617814,"data":"[09:01:36]     [finetune] ep 15/15  loss 0.0647  val bal 0.96417  lr 8.0e-11\n"}
,{"stream_name":"stdout","time":207.205373567,"data":"[09:01:36]   finetune done (67s)  best val 0.96449\n"}
,{"stream_name":"stdout","time":207.397916707,"data":"[09:01:36] === fold 3/5  train 504000  val 126000 ===\n"}
,{"stream_name":"stdout","time":207.40859314,"data":"[09:01:36]   [phase 1] pretrain on 10k original (30 epochs)\n"}
,{"stream_name":"stdout","time":208.177043131,"data":"[09:01:37]     [pretrain] ep 10/30  loss 0.0006  orig bal 1.0000\n"}
,{"stream_name":"stdout","time":208.94670765,"data":"[09:01:38]     [pretrain] ep 20/30  loss 0.0000  orig bal 1.0000\n"}
,{"stream_name":"stdout","time":209.711052108,"data":"[09:01:39]     [pretrain] ep 30/30  loss 0.0000  orig bal 1.0000\n"}
,{"stream_name":"stdout","time":209.711235469,"data":"[09:01:39]   pretrain done (2s)\n"}
,{"stream_name":"stdout","time":209.711250302,"data":"[09:01:39]   [phase 2] fine-tune on synthetic fold (15 epochs, lr=0.0001, batch=4096)\n"}
,{"stream_name":"stdout","time":214.289067821,"data":"[09:01:43]     [finetune] ep  1/15  loss 0.1170  val bal 0.96174  lr 1.0e-04\n"}
,{"stream_name":"stdout","time":218.629695771,"data":"[09:01:47]     [finetune] ep  2/15  loss 0.0715  val bal 0.96149  lr 9.8e-05\n"}
,{"stream_name":"stdout","time":223.039719986,"data":"[09:01:52]     [finetune] ep  3/15  loss 0.0686  val bal 0.96202  lr 9.4e-05\n"}
,{"stream_name":"stdout","time":227.402192175,"data":"[09:01:56]     [finetune] ep  4/15  loss 0.0673  val bal 0.96414  lr 8.8e-05\n"}
,{"stream_name":"stdout","time":231.787614231,"data":"[09:02:01]     [finetune] ep  5/15  loss 0.0665  val bal 0.96472  lr 8.0e-05\n"}
,{"stream_name":"stdout","time":236.1520599,"data":"[09:02:05]     [finetune] ep  6/15  loss 0.0658  val bal 0.96515  lr 7.0e-05\n"}
,{"stream_name":"stdout","time":240.524537051,"data":"[09:02:09]     [finetune] ep  7/15  loss 0.0653  val bal 0.96518  lr 6.0e-05\n"}
,{"stream_name":"stdout","time":245.021976288,"data":"[09:02:14]     [finetune] ep  8/15  loss 0.0649  val bal 0.96492  lr 4.9e-05\n"}
,{"stream_name":"stdout","time":249.35963062,"data":"[09:02:18]     [finetune] ep  9/15  loss 0.0648  val bal 0.96523  lr 3.8e-05\n"}
,{"stream_name":"stdout","time":253.846667614,"data":"[09:02:23]     [finetune] ep 10/15  loss 0.0648  val bal 0.96513  lr 2.7e-05\n"}
,{"stream_name":"stdout","time":258.499008332,"data":"[09:02:27]     [finetune] ep 11/15  loss 0.0647  val bal 0.96505  lr 1.8e-05\n"}
,{"stream_name":"stdout","time":262.967400455,"data":"[09:02:32]     [finetune] ep 12/15  loss 0.0644  val bal 0.96498  lr 1.1e-05\n"}
,{"stream_name":"stdout","time":267.331722207,"data":"[09:02:36]     [finetune] ep 13/15  loss 0.0643  val bal 0.96531  lr 4.8e-06\n"}
,{"stream_name":"stdout","time":271.777684811,"data":"[09:02:41]     [finetune] ep 14/15  loss 0.0644  val bal 0.96533  lr 1.2e-06\n"}
,{"stream_name":"stdout","time":276.149242157,"data":"[09:02:45]     [finetune] ep 15/15  loss 0.0642  val bal 0.96527  lr 8.0e-11\n"}
,{"stream_name":"stdout","time":276.1501759,"data":"[09:02:45]   finetune done (66s)  best val 0.96533\n"}
,{"stream_name":"stdout","time":276.340708643,"data":"[09:02:45] === fold 4/5  train 504000  val 126000 ===\n"}
,{"stream_name":"stdout","time":276.35115789,"data":"[09:02:45]   [phase 1] pretrain on 10k original (30 epochs)\n"}
,{"stream_name":"stdout","time":277.112342127,"data":"[09:02:46]     [pretrain] ep 10/30  loss 0.0023  orig bal 0.9990\n"}
,{"stream_name":"stdout","time":277.914823976,"data":"[09:02:47]     [pretrain] ep 20/30  loss 0.0001  orig bal 1.0000\n"}
,{"stream_name":"stdout","time":278.683120708,"data":"[09:02:48]     [pretrain] ep 30/30  loss 0.0000  orig bal 1.0000\n"}
,{"stream_name":"stdout","time":278.683327929,"data":"[09:02:48]   pretrain done (2s)\n"}
,{"stream_name":"stdout","time":278.683336484,"data":"[09:02:48]   [phase 2] fine-tune on synthetic fold (15 epochs, lr=0.0001, batch=4096)\n"}
,{"stream_name":"stdout","time":283.299331932,"data":"[09:02:52]     [finetune] ep  1/15  loss 0.1167  val bal 0.96106  lr 1.0e-04\n"}
,{"stream_name":"stdout","time":287.729958309,"data":"[09:02:57]     [finetune] ep  2/15  loss 0.0725  val bal 0.96082  lr 9.8e-05\n"}
,{"stream_name":"stdout","time":292.23175976,"data":"[09:03:01]     [finetune] ep  3/15  loss 0.0695  val bal 0.96131  lr 9.4e-05\n"}
,{"stream_name":"stdout","time":296.984346032,"data":"[09:03:06]     [finetune] ep  4/15  loss 0.0679  val bal 0.96173  lr 8.8e-05\n"}
,{"stream_name":"stdout","time":301.468790841,"data":"[09:03:10]     [finetune] ep  5/15  loss 0.0667  val bal 0.96209  lr 8.0e-05\n"}
,{"stream_name":"stdout","time":305.905350096,"data":"[09:03:15]     [finetune] ep  6/15  loss 0.0659  val bal 0.96120  lr 7.0e-05\n"}
,{"stream_name":"stdout","time":310.211575984,"data":"[09:03:19]     [finetune] ep  7/15  loss 0.0657  val bal 0.96225  lr 6.0e-05\n"}
,{"stream_name":"stdout","time":314.668724572,"data":"[09:03:24]     [finetune] ep  8/15  loss 0.0655  val bal 0.96212  lr 4.9e-05\n"}
,{"stream_name":"stdout","time":319.051632758,"data":"[09:03:28]     [finetune] ep  9/15  loss 0.0653  val bal 0.96213  lr 3.8e-05\n"}
,{"stream_name":"stdout","time":323.50125416,"data":"[09:03:32]     [finetune] ep 10/15  loss 0.0652  val bal 0.96216  lr 2.7e-05\n"}
,{"stream_name":"stdout","time":327.970205456,"data":"[09:03:37]     [finetune] ep 11/15  loss 0.0651  val bal 0.96188  lr 1.8e-05\n"}
,{"stream_name":"stdout","time":332.331798518,"data":"[09:03:41]     [finetune] ep 12/15  loss 0.0649  val bal 0.96205  lr 1.1e-05\n"}
,{"stream_name":"stdout","time":336.561495524,"data":"[09:03:45]     [finetune] ep 13/15  loss 0.0649  val bal 0.96214  lr 4.8e-06\n"}
,{"stream_name":"stdout","time":340.805302708,"data":"[09:03:50]     [finetune] ep 14/15  loss 0.0648  val bal 0.96215  lr 1.2e-06\n"}
,{"stream_name":"stdout","time":345.14822899,"data":"[09:03:54]     [finetune] ep 15/15  loss 0.0648  val bal 0.96212  lr 8.0e-11\n"}
,{"stream_name":"stdout","time":345.149279646,"data":"[09:03:54]   finetune done (66s)  best val 0.96225\n"}
,{"stream_name":"stdout","time":345.340567001,"data":"[09:03:54] === fold 5/5  train 504000  val 126000 ===\n"}
,{"stream_name":"stdout","time":345.351130597,"data":"[09:03:54]   [phase 1] pretrain on 10k original (30 epochs)\n"}
,{"stream_name":"stdout","time":346.114356628,"data":"[09:03:55]     [pretrain] ep 10/30  loss 0.0001  orig bal 1.0000\n"}
,{"stream_name":"stdout","time":346.877114979,"data":"[09:03:56]     [pretrain] ep 20/30  loss 0.0000  orig bal 1.0000\n"}
,{"stream_name":"stdout","time":347.651354898,"data":"[09:03:57]     [pretrain] ep 30/30  loss 0.0000  orig bal 1.0000\n"}
,{"stream_name":"stdout","time":347.651578459,"data":"[09:03:57]   pretrain done (2s)\n"}
,{"stream_name":"stdout","time":347.651590965,"data":"[09:03:57]   [phase 2] fine-tune on synthetic fold (15 epochs, lr=0.0001, batch=4096)\n"}
,{"stream_name":"stdout","time":352.314125219,"data":"[09:04:01]     [finetune] ep  1/15  loss 0.1175  val bal 0.96024  lr 1.0e-04\n"}
,{"stream_name":"stdout","time":356.612076778,"data":"[09:04:05]     [finetune] ep  2/15  loss 0.0724  val bal 0.95999  lr 9.8e-05\n"}
,{"stream_name":"stdout","time":360.838989197,"data":"[09:04:10]     [finetune] ep  3/15  loss 0.0697  val bal 0.96004  lr 9.4e-05\n"}
,{"stream_name":"stdout","time":365.284590747,"data":"[09:04:14]     [finetune] ep  4/15  loss 0.0679  val bal 0.96132  lr 8.8e-05\n"}
,{"stream_name":"stdout","time":369.558252238,"data":"[09:04:18]     [finetune] ep  5/15  loss 0.0670  val bal 0.96229  lr 8.0e-05\n"}
,{"stream_name":"stdout","time":374.75410078,"data":"[09:04:24]     [finetune] ep  6/15  loss 0.0662  val bal 0.96253  lr 7.0e-05\n"}
,{"stream_name":"stdout","time":378.967370059,"data":"[09:04:28]     [finetune] ep  7/15  loss 0.0660  val bal 0.96218  lr 6.0e-05\n"}
,{"stream_name":"stdout","time":383.298617343,"data":"[09:04:32]     [finetune] ep  8/15  loss 0.0655  val bal 0.96216  lr 4.9e-05\n"}
,{"stream_name":"stdout","time":387.490088929,"data":"[09:04:36]     [finetune] ep  9/15  loss 0.0653  val bal 0.96226  lr 3.8e-05\n"}
,{"stream_name":"stdout","time":391.896947554,"data":"[09:04:41]     [finetune] ep 10/15  loss 0.0650  val bal 0.96232  lr 2.7e-05\n"}
,{"stream_name":"stdout","time":396.136373136,"data":"[09:04:45]     [finetune] ep 11/15  loss 0.0650  val bal 0.96240  lr 1.8e-05\n"}
,{"stream_name":"stdout","time":400.316583411,"data":"[09:04:49]     [finetune] ep 12/15  loss 0.0650  val bal 0.96227  lr 1.1e-05\n"}
,{"stream_name":"stdout","time":404.647148986,"data":"[09:04:53]     [finetune] ep 13/15  loss 0.0649  val bal 0.96225  lr 4.8e-06\n"}
,{"stream_name":"stdout","time":408.884680305,"data":"[09:04:58]     [finetune] ep 14/15  loss 0.0647  val bal 0.96229  lr 1.2e-06\n"}
,{"stream_name":"stdout","time":413.605189576,"data":"[09:05:02]     [finetune] ep 15/15  loss 0.0647  val bal 0.96233  lr 8.0e-11\n"}
,{"stream_name":"stdout","time":413.605947541,"data":"[09:05:02]   finetune done (66s)  best val 0.96253\n"}
,{"stream_name":"stdout","time":430.339572542,"data":"[09:05:19] OOF argmax=0.96358  reweight=0.93167  tuned=0.96361  bias=[2.0324, 2.4689, 2.3008]\n"}
,{"stream_name":"stdout","time":430.398981506,"data":"[09:05:19] OOF tuned confusion matrix:\n"}
,{"stream_name":"stdout","time":430.399010272,"data":"           Low  Medium   High\n"}
,{"stream_name":"stdout","time":430.399016916,"data":"Low     368332    1585      0\n"}
,{"stream_name":"stdout","time":430.399023057,"data":"Medium    5269  230099   3706\n"}
,{"stream_name":"stdout","time":430.39902837,"data":"High         0    1415  19594\n"}
,{"stream_name":"stdout","time":430.664239722,"data":"[09:05:20] done\n"}
,{"stream_name":"stderr","time":434.366708074,"data":"/usr/local/lib/python3.12/dist-packages/mistune.py:435: SyntaxWarning: invalid escape sequence '\\|'\n"}
,{"stream_name":"stderr","time":434.366796585,"data":"  cells[i][c] = re.sub('\\\\\\\\\\|', '|', cell)\n"}
,{"stream_name":"stderr","time":434.603337081,"data":"/usr/local/lib/python3.12/dist-packages/nbconvert/filters/filter_links.py:36: SyntaxWarning: invalid escape sequence '\\_'\n"}
,{"stream_name":"stderr","time":434.603362535,"data":"  text = re.sub(r'_', '\\_', text) # Escape underscores in display text\n"}
,{"stream_name":"stderr","time":435.253815961,"data":"[NbConvertApp] Converting notebook __script__.ipynb to html\n"}
,{"stream_name":"stderr","time":436.536446789,"data":"[NbConvertApp] Writing 394938 bytes to __results__.html\n"}
]