[{"stream_name":"stdout","time":8.081707243,"data":"[22:24:20] torch 2.10.0+cu128 cuda=True device=cuda\n"}
,{"stream_name":"stdout","time":8.084912532,"data":"[22:24:20] listing /kaggle/input/\n"}
,{"stream_name":"stdout","time":8.089627865,"data":"[22:24:20]   /kaggle/input/competitions/playground-series-s6e4/sample_submission.csv\n"}
,{"stream_name":"stdout","time":8.090002449,"data":"[22:24:20]   /kaggle/input/competitions/playground-series-s6e4/test.csv\n"}
,{"stream_name":"stdout","time":8.090743959,"data":"[22:24:20]   /kaggle/input/competitions/playground-series-s6e4/train.csv\n"}
,{"stream_name":"stdout","time":8.090764453,"data":"[22:24:20]   /kaggle/input/datasets/chrisleitescha/irrigation-greedy-blend-oof/oof_greedy_blend.npy\n"}
,{"stream_name":"stdout","time":8.090769373,"data":"[22:24:20]   /kaggle/input/datasets/chrisleitescha/irrigation-greedy-blend-oof/test_greedy_blend.npy\n"}
,{"stream_name":"stdout","time":8.090773471,"data":"[22:24:20] loading data\n"}
,{"stream_name":"stdout","time":8.092468733,"data":"[22:24:20] competition dir: /kaggle/input/competitions/playground-series-s6e4\n"}
,{"stream_name":"stderr","time":10.559658076,"data":"Traceback (most recent call last):\n"}
,{"stream_name":"stderr","time":10.559710058,"data":"  File \"/kaggle/src/script.py\", line 436, in \u003cmodule\u003e\n"}
,{"stream_name":"stderr","time":10.55983588,"data":"    main()\n"}
,{"stream_name":"stderr","time":10.559842895,"data":"  File \"/kaggle/src/script.py\", line 227, in main\n"}
,{"stream_name":"stderr","time":10.560089485,"data":"    gate_oof = np.load(IN_GATE / \"oof_greedy_blend.npy\")\n"}
,{"stream_name":"stderr","time":10.560221175,"data":"               ^^^^^^^^^^^^^^^^^^^^^^^^^^^^^^^^^^^^^^^^^\n"}
,{"stream_name":"stderr","time":10.560253397,"data":"  File \"/usr/local/lib/python3.12/dist-packages/numpy/lib/_npyio_impl.py\", line 455, in load\n"}
,{"stream_name":"stderr","time":10.561360429,"data":"    fid = stack.enter_context(open(os.fspath(file), \"rb\"))\n"}
,{"stream_name":"stderr","time":10.561478906,"data":"                              ^^^^^^^^^^^^^^^^^^^^^^^^^^^\n"}
,{"stream_name":"stderr","time":10.561506429,"data":"FileNotFoundError: [Errno 2] No such file or directory: '/kaggle/input/irrigation-greedy-blend-oof/oof_greedy_blend.npy'\n"}
,{"stream_name":"stderr","time":14.51877678,"data":"/usr/local/lib/python3.12/dist-packages/mistune.py:435: SyntaxWarning: invalid escape sequence '\\|'\n"}
,{"stream_name":"stderr","time":14.518806784,"data":"  cells[i][c] = re.sub('\\\\\\\\\\|', '|', cell)\n"}
,{"stream_name":"stderr","time":14.772734194,"data":"/usr/local/lib/python3.12/dist-packages/nbconvert/filters/filter_links.py:36: SyntaxWarning: invalid escape sequence '\\_'\n"}
,{"stream_name":"stderr","time":14.772761136,"data":"  text = re.sub(r'_', '\\_', text) # Escape underscores in display text\n"}
,{"stream_name":"stderr","time":15.41829475,"data":"[NbConvertApp] Converting notebook __script__.ipynb to html\n"}
,{"stream_name":"stderr","time":16.68072724,"data":"[NbConvertApp] Writing 376826 bytes to __results__.html\n"}
]