[{"stream_name":"stdout","time":1.078245189,"data":"[boot] gpu compute_cap = ['6.0']\n"}
,{"stream_name":"stdout","time":1.078375283,"data":"[boot] sm_60/61 detected — installing torch 2.5.1 cu121 (has P100 kernels)\n"}
,{"stream_name":"stdout","time":12.630932909,"data":"     ━━━━━━━━━━━━━━━━━━━━━━━━━━━━━━━━━━━━━━━ 780.4/780.4 MB 2.3 MB/s eta 0:00:00\n"}
,{"stream_name":"stdout","time":61.16100348,"data":"[boot] torch reinstall done\n"}
,{"stream_name":"stdout","time":66.966879899,"data":"[22:32:33] torch 2.5.1+cu121 cuda=True device=cuda\n"}
,{"stream_name":"stdout","time":66.967804141,"data":"[22:32:33] listing /kaggle/input/\n"}
,{"stream_name":"stdout","time":66.974532474,"data":"[22:32:33]   /kaggle/input/competitions/playground-series-s6e4/sample_submission.csv\n"}
,{"stream_name":"stdout","time":66.974906501,"data":"[22:32:33]   /kaggle/input/competitions/playground-series-s6e4/test.csv\n"}
,{"stream_name":"stdout","time":66.975497984,"data":"[22:32:33]   /kaggle/input/competitions/playground-series-s6e4/train.csv\n"}
,{"stream_name":"stdout","time":66.975545551,"data":"[22:32:33]   /kaggle/input/datasets/chrisleitescha/irrigation-greedy-blend-oof/oof_greedy_blend.npy\n"}
,{"stream_name":"stdout","time":66.97557246,"data":"[22:32:33]   /kaggle/input/datasets/chrisleitescha/irrigation-greedy-blend-oof/test_greedy_blend.npy\n"}
,{"stream_name":"stdout","time":66.975580603,"data":"[22:32:33] loading data\n"}
,{"stream_name":"stdout","time":66.981726475,"data":"[22:32:33] train csv: /kaggle/input/competitions/playground-series-s6e4/train.csv\n"}
,{"stream_name":"stdout","time":66.981750276,"data":"[22:32:33] test csv:  /kaggle/input/competitions/playground-series-s6e4/test.csv\n"}
,{"stream_name":"stdout","time":66.981757909,"data":"[22:32:33] gate oof:  /kaggle/input/datasets/chrisleitescha/irrigation-greedy-blend-oof/oof_greedy_blend.npy\n"}
,{"stream_name":"stdout","time":70.268994046,"data":"[22:32:37] train (630000, 21) test (270000, 20)  gate OOF (630000, 3)\n"}
,{"stream_name":"stdout","time":70.269034475,"data":"[22:32:37] feature engineering\n"}
,{"stream_name":"stdout","time":70.549168259,"data":"[22:32:37] features: 35 numeric + 8 categorical\n"}
,{"stream_name":"stdout","time":70.54922708,"data":"[22:32:37]   cat cols: ['Soil_Type', 'Crop_Type', 'Crop_Growth_Stage', 'Season', 'Irrigation_Type', 'Water_Source', 'Mulching_Used', 'Region']\n"}
,{"stream_name":"stdout","time":71.846582671,"data":"[22:32:38]   cat cardinalities: {'Soil_Type': 4, 'Crop_Type': 6, 'Crop_Growth_Stage': 4, 'Season': 3, 'Irrigation_Type': 4, 'Water_Source': 4, 'Mulching_Used': 2, 'Region': 5}\n"}
,{"stream_name":"stdout","time":72.197424157,"data":"[22:32:39] class priors: {'Low': np.float64(0.5872), 'Medium': np.float64(0.3795), 'High': np.float64(0.0333)}\n"}
,{"stream_name":"stdout","time":72.2831381,"data":"[22:32:39] --- fold 1/5 | train 504000 val 126000 ---\n"}
,{"stream_name":"stdout","time":72.508248716,"data":"[22:32:39]   model params: 1,009,075\n"}
,{"stream_name":"stdout","time":82.219043703,"data":"[22:32:49]   ep  1/30 | loss 0.2344 | val bal_acc(argmax) 0.95960 | lr 6.63e-04\n"}
,{"stream_name":"stdout","time":87.748424139,"data":"[22:32:54]   ep  2/30 | loss 0.0718 | val bal_acc(argmax) 0.96246 | lr 9.99e-04\n"}
,{"stream_name":"stdout","time":93.362388907,"data":"[22:33:00]   ep  3/30 | loss 0.0672 | val bal_acc(argmax) 0.96308 | lr 9.93e-04\n"}
,{"stream_name":"stdout","time":98.799804754,"data":"[22:33:05]   ep  4/30 | loss 0.0658 | val bal_acc(argmax) 0.96375 | lr 9.81e-04\n"}
,{"stream_name":"stdout","time":104.350846768,"data":"[22:33:11]   ep  5/30 | loss 0.0647 | val bal_acc(argmax) 0.96320 | lr 9.63e-04\n"}
,{"stream_name":"stdout","time":109.924434744,"data":"[22:33:16]   ep  6/30 | loss 0.0642 | val bal_acc(argmax) 0.96350 | lr 9.40e-04\n"}
,{"stream_name":"stdout","time":115.517687664,"data":"[22:33:22]   ep  7/30 | loss 0.0638 | val bal_acc(argmax) 0.96367 | lr 9.11e-04\n"}
,{"stream_name":"stdout","time":120.993675878,"data":"[22:33:27]   ep  8/30 | loss 0.0634 | val bal_acc(argmax) 0.96368 | lr 8.77e-04\n"}
,{"stream_name":"stdout","time":126.410974542,"data":"[22:33:33]   ep  9/30 | loss 0.0634 | val bal_acc(argmax) 0.96359 | lr 8.39e-04\n"}
,{"stream_name":"stdout","time":131.958168237,"data":"[22:33:38]   ep 10/30 | loss 0.0628 | val bal_acc(argmax) 0.96393 | lr 7.96e-04\n"}
,{"stream_name":"stdout","time":136.750000724,"data":"[22:33:43]   ep 11/30 | loss 0.0623 | val bal_acc(argmax) 0.96377 | lr 7.50e-04\n"}
,{"stream_name":"stdout","time":142.009000838,"data":"[22:33:48]   ep 12/30 | loss 0.0621 | val bal_acc(argmax) 0.96411 | lr 7.01e-04\n"}
,{"stream_name":"stdout","time":146.783306381,"data":"[22:33:53]   ep 13/30 | loss 0.0620 | val bal_acc(argmax) 0.96415 | lr 6.50e-04\n"}
,{"stream_name":"stdout","time":151.586698718,"data":"[22:33:58]   ep 14/30 | loss 0.0616 | val bal_acc(argmax) 0.96371 | lr 5.96e-04\n"}
,{"stream_name":"stdout","time":156.271911839,"data":"[22:34:03]   ep 15/30 | loss 0.0615 | val bal_acc(argmax) 0.96409 | lr 5.42e-04\n"}
,{"stream_name":"stdout","time":161.052943322,"data":"[22:34:08]   ep 16/30 | loss 0.0610 | val bal_acc(argmax) 0.96339 | lr 4.87e-04\n"}
,{"stream_name":"stdout","time":165.853609391,"data":"[22:34:12]   ep 17/30 | loss 0.0607 | val bal_acc(argmax) 0.96361 | lr 4.32e-04\n"}
,{"stream_name":"stdout","time":170.572133418,"data":"[22:34:17]   ep 18/30 | loss 0.0605 | val bal_acc(argmax) 0.96314 | lr 3.78e-04\n"}
,{"stream_name":"stdout","time":176.307006606,"data":"[22:34:23]   ep 19/30 | loss 0.0603 | val bal_acc(argmax) 0.96445 | lr 3.25e-04\n"}
,{"stream_name":"stdout","time":182.022418891,"data":"[22:34:28]   ep 20/30 | loss 0.0599 | val bal_acc(argmax) 0.96415 | lr 2.75e-04\n"}
,{"stream_name":"stdout","time":187.530197979,"data":"[22:34:34]   ep 21/30 | loss 0.0597 | val bal_acc(argmax) 0.96385 | lr 2.27e-04\n"}
,{"stream_name":"stdout","time":193.228018202,"data":"[22:34:40]   ep 22/30 | loss 0.0591 | val bal_acc(argmax) 0.96302 | lr 1.82e-04\n"}
,{"stream_name":"stdout","time":198.942741494,"data":"[22:34:45]   ep 23/30 | loss 0.0588 | val bal_acc(argmax) 0.96409 | lr 1.42e-04\n"}
,{"stream_name":"stdout","time":204.601927651,"data":"[22:34:51]   ep 24/30 | loss 0.0586 | val bal_acc(argmax) 0.96433 | lr 1.06e-04\n"}
,{"stream_name":"stdout","time":209.4080821,"data":"[22:34:56]   ep 25/30 | loss 0.0583 | val bal_acc(argmax) 0.96337 | lr 7.43e-05\n"}
,{"stream_name":"stdout","time":214.276657883,"data":"[22:35:01]   ep 26/30 | loss 0.0580 | val bal_acc(argmax) 0.96396 | lr 4.80e-05\n"}
,{"stream_name":"stdout","time":219.13215204,"data":"[22:35:06]   ep 27/30 | loss 0.0578 | val bal_acc(argmax) 0.96416 | lr 2.72e-05\n"}
,{"stream_name":"stdout","time":224.061455404,"data":"[22:35:11]   ep 28/30 | loss 0.0578 | val bal_acc(argmax) 0.96417 | lr 1.22e-05\n"}
,{"stream_name":"stdout","time":229.080818124,"data":"[22:35:16]   ep 29/30 | loss 0.0575 | val bal_acc(argmax) 0.96411 | lr 3.08e-06\n"}
,{"stream_name":"stdout","time":234.113201309,"data":"[22:35:21]   ep 30/30 | loss 0.0573 | val bal_acc(argmax) 0.96411 | lr 2.01e-10\n"}
,{"stream_name":"stdout","time":234.320185352,"data":"[22:35:21]   fold 1 done | best val bal_acc 0.96445  (162s)\n"}
,{"stream_name":"stdout","time":234.337124625,"data":"[22:35:21]   fold-1 error-Jaccard (MLP vs greedy) = 0.6684 (1665 shared / 2491 union, MLP errs 2384, greedy errs 1772)\n"}
,{"stream_name":"stdout","time":234.345715652,"data":"[22:35:21] --- fold 2/5 | train 504000 val 126000 ---\n"}
,{"stream_name":"stdout","time":239.402149552,"data":"[22:35:26]   ep  1/30 | loss 0.2424 | val bal_acc(argmax) 0.95964 | lr 6.63e-04\n"}
,{"stream_name":"stdout","time":244.626601373,"data":"[22:35:31]   ep  2/30 | loss 0.0713 | val bal_acc(argmax) 0.96401 | lr 9.99e-04\n"}
,{"stream_name":"stdout","time":249.589813577,"data":"[22:35:36]   ep  3/30 | loss 0.0672 | val bal_acc(argmax) 0.96374 | lr 9.93e-04\n"}
,{"stream_name":"stdout","time":254.683904652,"data":"[22:35:41]   ep  4/30 | loss 0.0658 | val bal_acc(argmax) 0.96285 | lr 9.81e-04\n"}
,{"stream_name":"stdout","time":259.821879069,"data":"[22:35:46]   ep  5/30 | loss 0.0649 | val bal_acc(argmax) 0.96416 | lr 9.63e-04\n"}
,{"stream_name":"stdout","time":264.763994493,"data":"[22:35:51]   ep  6/30 | loss 0.0646 | val bal_acc(argmax) 0.96498 | lr 9.40e-04\n"}
,{"stream_name":"stdout","time":269.729564807,"data":"[22:35:56]   ep  7/30 | loss 0.0634 | val bal_acc(argmax) 0.96454 | lr 9.11e-04\n"}
,{"stream_name":"stdout","time":274.748276381,"data":"[22:36:01]   ep  8/30 | loss 0.0629 | val bal_acc(argmax) 0.96431 | lr 8.77e-04\n"}
,{"stream_name":"stdout","time":279.60216085,"data":"[22:36:06]   ep  9/30 | loss 0.0627 | val bal_acc(argmax) 0.96453 | lr 8.39e-04\n"}
,{"stream_name":"stdout","time":284.566994039,"data":"[22:36:11]   ep 10/30 | loss 0.0627 | val bal_acc(argmax) 0.96480 | lr 7.96e-04\n"}
,{"stream_name":"stdout","time":289.488921237,"data":"[22:36:16]   ep 11/30 | loss 0.0622 | val bal_acc(argmax) 0.96425 | lr 7.50e-04\n"}
,{"stream_name":"stdout","time":294.488770287,"data":"[22:36:21]   ep 12/30 | loss 0.0620 | val bal_acc(argmax) 0.96472 | lr 7.01e-04\n"}
,{"stream_name":"stdout","time":299.37388109,"data":"[22:36:26]   ep 13/30 | loss 0.0618 | val bal_acc(argmax) 0.96442 | lr 6.50e-04\n"}
,{"stream_name":"stdout","time":304.27000314,"data":"[22:36:31]   ep 14/30 | loss 0.0614 | val bal_acc(argmax) 0.96381 | lr 5.96e-04\n"}
,{"stream_name":"stdout","time":309.376053966,"data":"[22:36:36]   ep 15/30 | loss 0.0612 | val bal_acc(argmax) 0.96444 | lr 5.42e-04\n"}
,{"stream_name":"stdout","time":314.551243102,"data":"[22:36:41]   ep 16/30 | loss 0.0608 | val bal_acc(argmax) 0.96429 | lr 4.87e-04\n"}
,{"stream_name":"stdout","time":319.521904941,"data":"[22:36:46]   ep 17/30 | loss 0.0607 | val bal_acc(argmax) 0.96448 | lr 4.32e-04\n"}
,{"stream_name":"stdout","time":325.267500057,"data":"[22:36:52]   ep 18/30 | loss 0.0603 | val bal_acc(argmax) 0.96393 | lr 3.78e-04\n"}
,{"stream_name":"stdout","time":330.913956281,"data":"[22:36:57]   ep 19/30 | loss 0.0599 | val bal_acc(argmax) 0.96449 | lr 3.25e-04\n"}
,{"stream_name":"stdout","time":336.632920992,"data":"[22:37:03]   ep 20/30 | loss 0.0596 | val bal_acc(argmax) 0.96451 | lr 2.75e-04\n"}
,{"stream_name":"stdout","time":342.294929402,"data":"[22:37:09]   ep 21/30 | loss 0.0594 | val bal_acc(argmax) 0.96471 | lr 2.27e-04\n"}
,{"stream_name":"stdout","time":347.856501345,"data":"[22:37:14]   ep 22/30 | loss 0.0588 | val bal_acc(argmax) 0.96408 | lr 1.82e-04\n"}
,{"stream_name":"stdout","time":353.488289354,"data":"[22:37:20]   ep 23/30 | loss 0.0585 | val bal_acc(argmax) 0.96419 | lr 1.42e-04\n"}
,{"stream_name":"stdout","time":358.372887915,"data":"[22:37:25]   ep 24/30 | loss 0.0583 | val bal_acc(argmax) 0.96447 | lr 1.06e-04\n"}
,{"stream_name":"stdout","time":363.309810464,"data":"[22:37:30]   ep 25/30 | loss 0.0580 | val bal_acc(argmax) 0.96408 | lr 7.43e-05\n"}
,{"stream_name":"stdout","time":368.142788262,"data":"[22:37:35]   ep 26/30 | loss 0.0577 | val bal_acc(argmax) 0.96422 | lr 4.80e-05\n"}
,{"stream_name":"stdout","time":372.903750827,"data":"[22:37:39]   ep 27/30 | loss 0.0576 | val bal_acc(argmax) 0.96460 | lr 2.72e-05\n"}
,{"stream_name":"stdout","time":377.580960505,"data":"[22:37:44]   ep 28/30 | loss 0.0573 | val bal_acc(argmax) 0.96469 | lr 1.22e-05\n"}
,{"stream_name":"stdout","time":382.45027921,"data":"[22:37:49]   ep 29/30 | loss 0.0574 | val bal_acc(argmax) 0.96453 | lr 3.08e-06\n"}
,{"stream_name":"stdout","time":387.211783534,"data":"[22:37:54]   ep 30/30 | loss 0.0572 | val bal_acc(argmax) 0.96445 | lr 2.01e-10\n"}
,{"stream_name":"stdout","time":387.405052134,"data":"[22:37:54]   fold 2 done | best val bal_acc 0.96498  (153s)\n"}
,{"stream_name":"stdout","time":387.41414447,"data":"[22:37:54] --- fold 3/5 | train 504000 val 126000 ---\n"}
,{"stream_name":"stdout","time":392.653909895,"data":"[22:37:59]   ep  1/30 | loss 0.2367 | val bal_acc(argmax) 0.96212 | lr 6.63e-04\n"}
,{"stream_name":"stdout","time":398.321056236,"data":"[22:38:05]   ep  2/30 | loss 0.0722 | val bal_acc(argmax) 0.96373 | lr 9.99e-04\n"}
,{"stream_name":"stdout","time":403.90770202,"data":"[22:38:10]   ep  3/30 | loss 0.0674 | val bal_acc(argmax) 0.96497 | lr 9.93e-04\n"}
,{"stream_name":"stdout","time":409.409982769,"data":"[22:38:16]   ep  4/30 | loss 0.0657 | val bal_acc(argmax) 0.96595 | lr 9.81e-04\n"}
,{"stream_name":"stdout","time":415.116421204,"data":"[22:38:22]   ep  5/30 | loss 0.0648 | val bal_acc(argmax) 0.96585 | lr 9.63e-04\n"}
,{"stream_name":"stdout","time":420.694913756,"data":"[22:38:27]   ep  6/30 | loss 0.0639 | val bal_acc(argmax) 0.96594 | lr 9.40e-04\n"}
,{"stream_name":"stdout","time":425.54121785,"data":"[22:38:32]   ep  7/30 | loss 0.0636 | val bal_acc(argmax) 0.96541 | lr 9.11e-04\n"}
,{"stream_name":"stdout","time":430.471135262,"data":"[22:38:37]   ep  8/30 | loss 0.0631 | val bal_acc(argmax) 0.96495 | lr 8.77e-04\n"}
,{"stream_name":"stdout","time":435.232558271,"data":"[22:38:42]   ep  9/30 | loss 0.0630 | val bal_acc(argmax) 0.96607 | lr 8.39e-04\n"}
,{"stream_name":"stdout","time":439.979138217,"data":"[22:38:46]   ep 10/30 | loss 0.0624 | val bal_acc(argmax) 0.96450 | lr 7.96e-04\n"}
,{"stream_name":"stdout","time":444.941756796,"data":"[22:38:51]   ep 11/30 | loss 0.0622 | val bal_acc(argmax) 0.96581 | lr 7.50e-04\n"}
,{"stream_name":"stdout","time":449.858773978,"data":"[22:38:56]   ep 12/30 | loss 0.0618 | val bal_acc(argmax) 0.96533 | lr 7.01e-04\n"}
,{"stream_name":"stdout","time":454.799382766,"data":"[22:39:01]   ep 13/30 | loss 0.0615 | val bal_acc(argmax) 0.96597 | lr 6.50e-04\n"}
,{"stream_name":"stdout","time":459.566809189,"data":"[22:39:06]   ep 14/30 | loss 0.0614 | val bal_acc(argmax) 0.96593 | lr 5.96e-04\n"}
,{"stream_name":"stdout","time":465.099155943,"data":"[22:39:12]   ep 15/30 | loss 0.0612 | val bal_acc(argmax) 0.96577 | lr 5.42e-04\n"}
,{"stream_name":"stdout","time":470.514059184,"data":"[22:39:17]   ep 16/30 | loss 0.0606 | val bal_acc(argmax) 0.96556 | lr 4.87e-04\n"}
,{"stream_name":"stdout","time":475.860194445,"data":"[22:39:22]   ep 17/30 | loss 0.0604 | val bal_acc(argmax) 0.96621 | lr 4.32e-04\n"}
,{"stream_name":"stdout","time":481.345453979,"data":"[22:39:28]   ep 18/30 | loss 0.0602 | val bal_acc(argmax) 0.96565 | lr 3.78e-04\n"}
,{"stream_name":"stdout","time":486.747126308,"data":"[22:39:33]   ep 19/30 | loss 0.0596 | val bal_acc(argmax) 0.96563 | lr 3.25e-04\n"}
,{"stream_name":"stdout","time":492.189398248,"data":"[22:39:39]   ep 20/30 | loss 0.0595 | val bal_acc(argmax) 0.96616 | lr 2.75e-04\n"}
,{"stream_name":"stdout","time":496.893395768,"data":"[22:39:43]   ep 21/30 | loss 0.0591 | val bal_acc(argmax) 0.96604 | lr 2.27e-04\n"}
,{"stream_name":"stdout","time":501.755782674,"data":"[22:39:48]   ep 22/30 | loss 0.0587 | val bal_acc(argmax) 0.96581 | lr 1.82e-04\n"}
,{"stream_name":"stdout","time":506.568484543,"data":"[22:39:53]   ep 23/30 | loss 0.0582 | val bal_acc(argmax) 0.96604 | lr 1.42e-04\n"}
,{"stream_name":"stdout","time":511.298195833,"data":"[22:39:58]   ep 24/30 | loss 0.0579 | val bal_acc(argmax) 0.96565 | lr 1.06e-04\n"}
,{"stream_name":"stdout","time":515.993780901,"data":"[22:40:02]   ep 25/30 | loss 0.0576 | val bal_acc(argmax) 0.96592 | lr 7.43e-05\n"}
,{"stream_name":"stdout","time":520.668092438,"data":"[22:40:07]   ep 26/30 | loss 0.0573 | val bal_acc(argmax) 0.96571 | lr 4.80e-05\n"}
,{"stream_name":"stdout","time":525.764621371,"data":"[22:40:12]   ep 27/30 | loss 0.0572 | val bal_acc(argmax) 0.96576 | lr 2.72e-05\n"}
,{"stream_name":"stdout","time":530.923839865,"data":"[22:40:17]   ep 28/30 | loss 0.0569 | val bal_acc(argmax) 0.96553 | lr 1.22e-05\n"}
,{"stream_name":"stdout","time":536.851857533,"data":"[22:40:23]   ep 29/30 | loss 0.0569 | val bal_acc(argmax) 0.96556 | lr 3.08e-06\n"}
,{"stream_name":"stdout","time":542.408135919,"data":"[22:40:29]   ep 30/30 | loss 0.0569 | val bal_acc(argmax) 0.96558 | lr 2.01e-10\n"}
,{"stream_name":"stdout","time":542.613241665,"data":"[22:40:29]   fold 3 done | best val bal_acc 0.96621  (155s)\n"}
,{"stream_name":"stdout","time":542.624705436,"data":"[22:40:29] --- fold 4/5 | train 504000 val 126000 ---\n"}
,{"stream_name":"stdout","time":547.513080896,"data":"[22:40:34]   ep  1/30 | loss 0.2422 | val bal_acc(argmax) 0.96131 | lr 6.63e-04\n"}
,{"stream_name":"stdout","time":553.464748434,"data":"[22:40:40]   ep  2/30 | loss 0.0719 | val bal_acc(argmax) 0.96109 | lr 9.99e-04\n"}
,{"stream_name":"stdout","time":559.267628179,"data":"[22:40:46]   ep  3/30 | loss 0.0672 | val bal_acc(argmax) 0.96167 | lr 9.93e-04\n"}
,{"stream_name":"stdout","time":564.916630702,"data":"[22:40:51]   ep  4/30 | loss 0.0661 | val bal_acc(argmax) 0.96167 | lr 9.81e-04\n"}
,{"stream_name":"stdout","time":569.751818452,"data":"[22:40:56]   ep  5/30 | loss 0.0653 | val bal_acc(argmax) 0.96275 | lr 9.63e-04\n"}
,{"stream_name":"stdout","time":575.141568124,"data":"[22:41:02]   ep  6/30 | loss 0.0641 | val bal_acc(argmax) 0.96340 | lr 9.40e-04\n"}
,{"stream_name":"stdout","time":580.149671221,"data":"[22:41:07]   ep  7/30 | loss 0.0636 | val bal_acc(argmax) 0.96294 | lr 9.11e-04\n"}
,{"stream_name":"stdout","time":585.232205282,"data":"[22:41:12]   ep  8/30 | loss 0.0633 | val bal_acc(argmax) 0.96296 | lr 8.77e-04\n"}
,{"stream_name":"stdout","time":590.36014032,"data":"[22:41:17]   ep  9/30 | loss 0.0630 | val bal_acc(argmax) 0.96344 | lr 8.39e-04\n"}
,{"stream_name":"stdout","time":595.299524318,"data":"[22:41:22]   ep 10/30 | loss 0.0627 | val bal_acc(argmax) 0.96356 | lr 7.96e-04\n"}
,{"stream_name":"stdout","time":600.295217929,"data":"[22:41:27]   ep 11/30 | loss 0.0624 | val bal_acc(argmax) 0.96348 | lr 7.50e-04\n"}
,{"stream_name":"stdout","time":605.277690239,"data":"[22:41:32]   ep 12/30 | loss 0.0622 | val bal_acc(argmax) 0.96314 | lr 7.01e-04\n"}
,{"stream_name":"stdout","time":610.883302803,"data":"[22:41:37]   ep 13/30 | loss 0.0618 | val bal_acc(argmax) 0.96297 | lr 6.50e-04\n"}
,{"stream_name":"stdout","time":616.454113521,"data":"[22:41:43]   ep 14/30 | loss 0.0618 | val bal_acc(argmax) 0.96385 | lr 5.96e-04\n"}
,{"stream_name":"stdout","time":622.244961456,"data":"[22:41:49]   ep 15/30 | loss 0.0613 | val bal_acc(argmax) 0.96322 | lr 5.42e-04\n"}
,{"stream_name":"stdout","time":627.901746153,"data":"[22:41:54]   ep 16/30 | loss 0.0609 | val bal_acc(argmax) 0.96335 | lr 4.87e-04\n"}
,{"stream_name":"stdout","time":633.416876763,"data":"[22:42:00]   ep 17/30 | loss 0.0606 | val bal_acc(argmax) 0.96349 | lr 4.32e-04\n"}
,{"stream_name":"stdout","time":639.130679568,"data":"[22:42:06]   ep 18/30 | loss 0.0604 | val bal_acc(argmax) 0.96392 | lr 3.78e-04\n"}
,{"stream_name":"stdout","time":644.116531825,"data":"[22:42:11]   ep 19/30 | loss 0.0599 | val bal_acc(argmax) 0.96392 | lr 3.25e-04\n"}
,{"stream_name":"stdout","time":649.101556455,"data":"[22:42:16]   ep 20/30 | loss 0.0597 | val bal_acc(argmax) 0.96391 | lr 2.75e-04\n"}
,{"stream_name":"stdout","time":654.161177333,"data":"[22:42:21]   ep 21/30 | loss 0.0594 | val bal_acc(argmax) 0.96390 | lr 2.27e-04\n"}
,{"stream_name":"stdout","time":659.119138399,"data":"[22:42:26]   ep 22/30 | loss 0.0589 | val bal_acc(argmax) 0.96311 | lr 1.82e-04\n"}
,{"stream_name":"stdout","time":664.21176416,"data":"[22:42:31]   ep 23/30 | loss 0.0586 | val bal_acc(argmax) 0.96415 | lr 1.42e-04\n"}
,{"stream_name":"stdout","time":669.3038047,"data":"[22:42:36]   ep 24/30 | loss 0.0581 | val bal_acc(argmax) 0.96410 | lr 1.06e-04\n"}
,{"stream_name":"stdout","time":674.552293807,"data":"[22:42:41]   ep 25/30 | loss 0.0580 | val bal_acc(argmax) 0.96385 | lr 7.43e-05\n"}
,{"stream_name":"stdout","time":679.631525007,"data":"[22:42:46]   ep 26/30 | loss 0.0578 | val bal_acc(argmax) 0.96417 | lr 4.80e-05\n"}
,{"stream_name":"stdout","time":685.120399504,"data":"[22:42:52]   ep 27/30 | loss 0.0575 | val bal_acc(argmax) 0.96405 | lr 2.72e-05\n"}
,{"stream_name":"stdout","time":690.719404708,"data":"[22:42:57]   ep 28/30 | loss 0.0574 | val bal_acc(argmax) 0.96384 | lr 1.22e-05\n"}
,{"stream_name":"stdout","time":696.360562271,"data":"[22:43:03]   ep 29/30 | loss 0.0572 | val bal_acc(argmax) 0.96417 | lr 3.08e-06\n"}
,{"stream_name":"stdout","time":701.966912189,"data":"[22:43:08]   ep 30/30 | loss 0.0573 | val bal_acc(argmax) 0.96419 | lr 2.01e-10\n"}
,{"stream_name":"stdout","time":702.169766829,"data":"[22:43:09]   fold 4 done | best val bal_acc 0.96419  (160s)\n"}
,{"stream_name":"stdout","time":702.178590259,"data":"[22:43:09] --- fold 5/5 | train 504000 val 126000 ---\n"}
,{"stream_name":"stdout","time":707.39423306,"data":"[22:43:14]   ep  1/30 | loss 0.2352 | val bal_acc(argmax) 0.95883 | lr 6.63e-04\n"}
,{"stream_name":"stdout","time":712.924063705,"data":"[22:43:19]   ep  2/30 | loss 0.0714 | val bal_acc(argmax) 0.96308 | lr 9.99e-04\n"}
,{"stream_name":"stdout","time":717.950731465,"data":"[22:43:24]   ep  3/30 | loss 0.0674 | val bal_acc(argmax) 0.96288 | lr 9.93e-04\n"}
,{"stream_name":"stdout","time":723.010663545,"data":"[22:43:29]   ep  4/30 | loss 0.0657 | val bal_acc(argmax) 0.96342 | lr 9.81e-04\n"}
,{"stream_name":"stdout","time":728.21017983,"data":"[22:43:35]   ep  5/30 | loss 0.0651 | val bal_acc(argmax) 0.96263 | lr 9.63e-04\n"}
,{"stream_name":"stdout","time":733.444959004,"data":"[22:43:40]   ep  6/30 | loss 0.0643 | val bal_acc(argmax) 0.96297 | lr 9.40e-04\n"}
,{"stream_name":"stdout","time":738.6232389,"data":"[22:43:45]   ep  7/30 | loss 0.0639 | val bal_acc(argmax) 0.96331 | lr 9.11e-04\n"}
,{"stream_name":"stdout","time":743.912431417,"data":"[22:43:50]   ep  8/30 | loss 0.0636 | val bal_acc(argmax) 0.96360 | lr 8.77e-04\n"}
,{"stream_name":"stdout","time":749.140037811,"data":"[22:43:56]   ep  9/30 | loss 0.0633 | val bal_acc(argmax) 0.96326 | lr 8.39e-04\n"}
,{"stream_name":"stdout","time":754.427096991,"data":"[22:44:01]   ep 10/30 | loss 0.0629 | val bal_acc(argmax) 0.96311 | lr 7.96e-04\n"}
,{"stream_name":"stdout","time":760.432874978,"data":"[22:44:07]   ep 11/30 | loss 0.0626 | val bal_acc(argmax) 0.96364 | lr 7.50e-04\n"}
,{"stream_name":"stdout","time":766.269216356,"data":"[22:44:13]   ep 12/30 | loss 0.0623 | val bal_acc(argmax) 0.96313 | lr 7.01e-04\n"}
,{"stream_name":"stdout","time":772.068799227,"data":"[22:44:19]   ep 13/30 | loss 0.0621 | val bal_acc(argmax) 0.96322 | lr 6.50e-04\n"}
,{"stream_name":"stdout","time":778.006257537,"data":"[22:44:24]   ep 14/30 | loss 0.0618 | val bal_acc(argmax) 0.96343 | lr 5.96e-04\n"}
,{"stream_name":"stdout","time":784.080297012,"data":"[22:44:31]   ep 15/30 | loss 0.0614 | val bal_acc(argmax) 0.96338 | lr 5.42e-04\n"}
,{"stream_name":"stdout","time":789.968680235,"data":"[22:44:36]   ep 16/30 | loss 0.0615 | val bal_acc(argmax) 0.96394 | lr 4.87e-04\n"}
,{"stream_name":"stdout","time":795.27588028,"data":"[22:44:42]   ep 17/30 | loss 0.0608 | val bal_acc(argmax) 0.96361 | lr 4.32e-04\n"}
,{"stream_name":"stdout","time":800.559202626,"data":"[22:44:47]   ep 18/30 | loss 0.0607 | val bal_acc(argmax) 0.96409 | lr 3.78e-04\n"}
,{"stream_name":"stdout","time":805.89343732,"data":"[22:44:52]   ep 19/30 | loss 0.0602 | val bal_acc(argmax) 0.96394 | lr 3.25e-04\n"}
,{"stream_name":"stdout","time":811.091119711,"data":"[22:44:58]   ep 20/30 | loss 0.0598 | val bal_acc(argmax) 0.96366 | lr 2.75e-04\n"}
,{"stream_name":"stdout","time":816.384155895,"data":"[22:45:03]   ep 21/30 | loss 0.0597 | val bal_acc(argmax) 0.96413 | lr 2.27e-04\n"}
,{"stream_name":"stdout","time":821.667265678,"data":"[22:45:08]   ep 22/30 | loss 0.0592 | val bal_acc(argmax) 0.96431 | lr 1.82e-04\n"}
,{"stream_name":"stdout","time":826.777432224,"data":"[22:45:13]   ep 23/30 | loss 0.0588 | val bal_acc(argmax) 0.96402 | lr 1.42e-04\n"}
,{"stream_name":"stdout","time":832.127558364,"data":"[22:45:19]   ep 24/30 | loss 0.0586 | val bal_acc(argmax) 0.96426 | lr 1.06e-04\n"}
,{"stream_name":"stdout","time":838.18043678,"data":"[22:45:25]   ep 25/30 | loss 0.0582 | val bal_acc(argmax) 0.96378 | lr 7.43e-05\n"}
,{"stream_name":"stdout","time":844.23074987,"data":"[22:45:31]   ep 26/30 | loss 0.0582 | val bal_acc(argmax) 0.96400 | lr 4.80e-05\n"}
,{"stream_name":"stdout","time":850.810229664,"data":"[22:45:37]   ep 27/30 | loss 0.0578 | val bal_acc(argmax) 0.96431 | lr 2.72e-05\n"}
,{"stream_name":"stdout","time":856.908428395,"data":"[22:45:43]   ep 28/30 | loss 0.0575 | val bal_acc(argmax) 0.96361 | lr 1.22e-05\n"}
,{"stream_name":"stdout","time":863.174390112,"data":"[22:45:50]   ep 29/30 | loss 0.0575 | val bal_acc(argmax) 0.96390 | lr 3.08e-06\n"}
,{"stream_name":"stdout","time":869.521602019,"data":"[22:45:56]   ep 30/30 | loss 0.0574 | val bal_acc(argmax) 0.96380 | lr 2.01e-10\n"}
,{"stream_name":"stdout","time":869.726504892,"data":"[22:45:56]   fold 5 done | best val bal_acc 0.96431  (168s)\n"}
,{"stream_name":"stdout","time":890.637562231,"data":"[22:46:17] OOF argmax bal_acc = 0.96483\n"}
,{"stream_name":"stdout","time":890.63760732,"data":"[22:46:17] OOF prior-reweight bal_acc = 0.93236\n"}
,{"stream_name":"stdout","time":890.637617932,"data":"[22:46:17] OOF tuned log-bias bal_acc = 0.96494  bias=[2.7324, 2.7689, 2.9008]\n"}
,{"stream_name":"stdout","time":890.702260795,"data":"[22:46:17] OOF tuned confusion matrix:\n"}
,{"stream_name":"stdout","time":890.702305936,"data":"           Low  Medium   High\n"}
,{"stream_name":"stdout","time":890.702343147,"data":"Low     368353    1564      0\n"}
,{"stream_name":"stdout","time":890.702350481,"data":"Medium    5254  229186   4634\n"}
,{"stream_name":"stdout","time":890.702358949,"data":"High         0    1252  19757\n"}
,{"stream_name":"stdout","time":891.010817336,"data":"[22:46:17] done\n"}
,{"stream_name":"stderr","time":895.703027375,"data":"/usr/local/lib/python3.12/dist-packages/mistune.py:435: SyntaxWarning: invalid escape sequence '\\|'\n"}
,{"stream_name":"stderr","time":895.703122437,"data":"  cells[i][c] = re.sub('\\\\\\\\\\|', '|', cell)\n"}
,{"stream_name":"stderr","time":896.008895526,"data":"/usr/local/lib/python3.12/dist-packages/nbconvert/filters/filter_links.py:36: SyntaxWarning: invalid escape sequence '\\_'\n"}
,{"stream_name":"stderr","time":896.008946054,"data":"  text = re.sub(r'_', '\\_', text) # Escape underscores in display text\n"}
,{"stream_name":"stderr","time":896.814933557,"data":"[NbConvertApp] Converting notebook __script__.ipynb to html\n"}
,{"stream_name":"stderr","time":898.500268303,"data":"[NbConvertApp] Writing 381701 bytes to __results__.html\n"}
]