loaded train.csv: (630000, 21)
subsampled to (200000, 21)
engineered 11 features: ['VPD_kPa', 'ET_proxy', 'Soil_FC', 'Soil_AWC', 'Soil_Depletion', 'Crop_Thirst', 'Stage_Kc', 'Crop_Demand', 'Irr_Eff', 'Water_Balance', 'Saline_Flag']
X shape: (200000, 30)
categorical features (8): ['Soil_Type', 'Crop_Type', 'Crop_Growth_Stage', 'Season', 'Irrigation_Type', 'Water_Source', 'Mulching_Used', 'Region']
/usr/local/lib/python3.11/dist-packages/interpret/glassbox/_ebm/_ebm.py:1249: UserWarning: For multiclass we cannot currently visualize pairs and they will be stripped from the global explanations. Set interactions=0 to generate a fully interpretable glassbox model.
  warn(
  fold 1/5: balanced_acc=0.96034  (558.8s)
/usr/local/lib/python3.11/dist-packages/interpret/glassbox/_ebm/_ebm.py:1249: UserWarning: For multiclass we cannot currently visualize pairs and they will be stripped from the global explanations. Set interactions=0 to generate a fully interpretable glassbox model.
  warn(
  fold 2/5: balanced_acc=0.95999  (521.3s)
/usr/local/lib/python3.11/dist-packages/interpret/glassbox/_ebm/_ebm.py:1249: UserWarning: For multiclass we cannot currently visualize pairs and they will be stripped from the global explanations. Set interactions=0 to generate a fully interpretable glassbox model.
  warn(
  fold 3/5: balanced_acc=0.95994  (568.4s)
/usr/local/lib/python3.11/dist-packages/interpret/glassbox/_ebm/_ebm.py:1249: UserWarning: For multiclass we cannot currently visualize pairs and they will be stripped from the global explanations. Set interactions=0 to generate a fully interpretable glassbox model.
  warn(
  fold 4/5: balanced_acc=0.96254  (247.7s)
/usr/local/lib/python3.11/dist-packages/interpret/glassbox/_ebm/_ebm.py:1249: UserWarning: For multiclass we cannot currently visualize pairs and they will be stripped from the global explanations. Set interactions=0 to generate a fully interpretable glassbox model.
  warn(
  fold 5/5: balanced_acc=0.96250  (302.0s)

=== 5-fold balanced accuracy ===
  mean ± std: 0.96106 ± 0.00120
  per fold:   [0.96034289 0.95999027 0.95994464 0.96253544 0.96249554]

Cumulative confusion matrix (labels=['High', 'Low', 'Medium']):
[[  6195      0    585]
 [     0 116772    618]
 [   243   1673  73914]]
  recall[High] = 0.91372
  recall[Low] = 0.99474
  recall[Medium] = 0.97473

total time: 2200.9s
saved: /home/user/Kaggle-irrigation-water/scripts/artifacts/cv_big_fe.json
