[{"stream_name":"stdout","time":0.871706076,"data":"[boot] gpu compute_cap = ['6.0']\n"}
,{"stream_name":"stdout","time":0.871753876,"data":"[boot] sm_60/61 detected - installing torch 2.5.1 cu121\n"}
,{"stream_name":"stdout","time":12.463753641,"data":"     ━━━━━━━━━━━━━━━━━━━━━━━━━━━━━━━━━━━━━━━ 780.4/780.4 MB 2.3 MB/s eta 0:00:00\n"}
,{"stream_name":"stdout","time":63.540299135,"data":"[11:31:14] torch 2.5.1+cu121  cuda=True  device=cuda\n"}
,{"stream_name":"stdout","time":63.541131117,"data":"[11:31:14] listing /kaggle/input/\n"}
,{"stream_name":"stdout","time":63.551274748,"data":"[11:31:14]   /kaggle/input/competitions/playground-series-s6e4/sample_submission.csv\n"}
,{"stream_name":"stdout","time":63.552232131,"data":"[11:31:14]   /kaggle/input/competitions/playground-series-s6e4/test.csv\n"}
,{"stream_name":"stdout","time":63.552934781,"data":"[11:31:14]   /kaggle/input/competitions/playground-series-s6e4/train.csv\n"}
,{"stream_name":"stdout","time":63.552965211,"data":"[11:31:14]   /kaggle/input/datasets/chrisleitescha/irrigation-greedy-blend-oof/oof_greedy_blend.npy\n"}
,{"stream_name":"stdout","time":63.55297037,"data":"[11:31:14]   /kaggle/input/datasets/chrisleitescha/irrigation-greedy-blend-oof/oof_xgb_nonrule.npy\n"}
,{"stream_name":"stdout","time":63.553000806,"data":"[11:31:14]   /kaggle/input/datasets/chrisleitescha/irrigation-greedy-blend-oof/test_greedy_blend.npy\n"}
,{"stream_name":"stdout","time":63.553008025,"data":"[11:31:14]   /kaggle/input/datasets/chrisleitescha/irrigation-greedy-blend-oof/test_xgb_nonrule.npy\n"}
,{"stream_name":"stdout","time":63.557116891,"data":"[11:31:14] train:/kaggle/input/competitions/playground-series-s6e4/train.csv  test:/kaggle/input/competitions/playground-series-s6e4/test.csv  gate:/kaggle/input/datasets/chrisleitescha/irrigation-greedy-blend-oof/oof_greedy_blend.npy\n"}
,{"stream_name":"stdout","time":66.892200805,"data":"[11:31:18] train (630000, 21)  test (270000, 20)  gate (630000, 3)\n"}
,{"stream_name":"stdout","time":67.134465628,"data":"[11:31:18] features: 35 numeric + 8 categorical\n"}
,{"stream_name":"stdout","time":68.280320946,"data":"[11:31:19] cat cards: {'Soil_Type': 4, 'Crop_Type': 6, 'Crop_Growth_Stage': 4, 'Season': 3, 'Irrigation_Type': 4, 'Water_Source': 4, 'Mulching_Used': 2, 'Region': 5}\n"}
,{"stream_name":"stdout","time":68.737307593,"data":"[11:31:19] class priors: {'Low': np.float64(0.5872), 'Medium': np.float64(0.3795), 'High': np.float64(0.0333)}\n"}
,{"stream_name":"stdout","time":68.818620282,"data":"[11:31:19] === fold 1/5  train 504000  val 126000 ===\n"}
,{"stream_name":"stdout","time":68.832561428,"data":"[11:31:19]   model params: 1,011,715\n"}
,{"stream_name":"stdout","time":136.544107222,"data":"[11:32:27]   ep  1/20  loss 0.1668  val bal 0.96240  lr 1.49e-04\n"}
,{"stream_name":"stdout","time":200.109034679,"data":"[11:33:31]   ep  2/20  loss 0.0670  val bal 0.96244  lr 2.99e-04\n"}
,{"stream_name":"stdout","time":263.662862255,"data":"[11:34:34]   ep  3/20  loss 0.0647  val bal 0.96371  lr 2.98e-04\n"}
,{"stream_name":"stdout","time":327.225110609,"data":"[11:35:38]   ep  4/20  loss 0.0635  val bal 0.96431  lr 2.91e-04\n"}
,{"stream_name":"stdout","time":390.784928424,"data":"[11:36:41]   ep  5/20  loss 0.0625  val bal 0.96624  lr 2.80e-04\n"}
,{"stream_name":"stdout","time":454.349042482,"data":"[11:37:45]   ep  6/20  loss 0.0621  val bal 0.96370  lr 2.65e-04\n"}
,{"stream_name":"stdout","time":517.919603239,"data":"[11:38:49]   ep  7/20  loss 0.0614  val bal 0.96484  lr 2.46e-04\n"}
,{"stream_name":"stdout","time":581.493964775,"data":"[11:39:52]   ep  8/20  loss 0.0611  val bal 0.96486  lr 2.25e-04\n"}
,{"stream_name":"stdout","time":645.077112872,"data":"[11:40:56]   ep  9/20  loss 0.0604  val bal 0.96544  lr 2.01e-04\n"}
,{"stream_name":"stdout","time":708.630984171,"data":"[11:41:59]   ep 10/20  loss 0.0602  val bal 0.96668  lr 1.76e-04\n"}
,{"stream_name":"stdout","time":772.198292717,"data":"[11:43:03]   ep 11/20  loss 0.0598  val bal 0.96573  lr 1.50e-04\n"}
,{"stream_name":"stdout","time":835.754077091,"data":"[11:44:06]   ep 12/20  loss 0.0594  val bal 0.96560  lr 1.24e-04\n"}
,{"stream_name":"stdout","time":899.325720449,"data":"[11:45:10]   ep 13/20  loss 0.0591  val bal 0.96590  lr 9.88e-05\n"}
,{"stream_name":"stdout","time":962.893925438,"data":"[11:46:14]   ep 14/20  loss 0.0586  val bal 0.96586  lr 7.51e-05\n"}
,{"stream_name":"stdout","time":1026.462784135,"data":"[11:47:17]   ep 15/20  loss 0.0583  val bal 0.96553  lr 5.37e-05\n"}
,{"stream_name":"stdout","time":1090.027976419,"data":"[11:48:21]   ep 16/20  loss 0.0579  val bal 0.96685  lr 3.52e-05\n"}
,{"stream_name":"stdout","time":1153.591849328,"data":"[11:49:24]   ep 17/20  loss 0.0575  val bal 0.96612  lr 2.01e-05\n"}
,{"stream_name":"stdout","time":1217.140372398,"data":"[11:50:28]   ep 18/20  loss 0.0571  val bal 0.96633  lr 9.08e-06\n"}
,{"stream_name":"stdout","time":1280.733026673,"data":"[11:51:31]   ep 19/20  loss 0.0570  val bal 0.96632  lr 2.30e-06\n"}
,{"stream_name":"stdout","time":1344.301419272,"data":"[11:52:35]   ep 20/20  loss 0.0569  val bal 0.96631  lr 3.78e-11\n"}
,{"stream_name":"stdout","time":1351.415808367,"data":"[11:52:42]   fold-1 Jaccard (ftt vs greedy) = 0.5866  ftt errs=2599  greedy errs=1772\n"}
,{"stream_name":"stdout","time":1351.422533215,"data":"[11:52:42] === fold 2/5  train 504000  val 126000 ===\n"}
,{"stream_name":"stdout","time":1415.090164145,"data":"[11:53:46]   ep  1/20  loss 0.1693  val bal 0.96262  lr 1.49e-04\n"}
,{"stream_name":"stdout","time":1478.6486471,"data":"[11:54:49]   ep  2/20  loss 0.0665  val bal 0.96333  lr 2.99e-04\n"}
,{"stream_name":"stdout","time":1542.217576011,"data":"[11:55:53]   ep  3/20  loss 0.0647  val bal 0.96362  lr 2.98e-04\n"}
,{"stream_name":"stdout","time":1605.746606448,"data":"[11:56:56]   ep  4/20  loss 0.0632  val bal 0.96496  lr 2.91e-04\n"}
,{"stream_name":"stdout","time":1669.298340872,"data":"[11:58:00]   ep  5/20  loss 0.0621  val bal 0.96557  lr 2.80e-04\n"}
,{"stream_name":"stdout","time":1732.835498208,"data":"[11:59:03]   ep  6/20  loss 0.0615  val bal 0.96596  lr 2.65e-04\n"}
,{"stream_name":"stdout","time":1796.375598486,"data":"[12:00:07]   ep  7/20  loss 0.0607  val bal 0.96664  lr 2.46e-04\n"}
,{"stream_name":"stdout","time":1859.910928233,"data":"[12:01:11]   ep  8/20  loss 0.0606  val bal 0.96617  lr 2.25e-04\n"}
,{"stream_name":"stdout","time":1923.488691569,"data":"[12:02:14]   ep  9/20  loss 0.0601  val bal 0.96604  lr 2.01e-04\n"}
,{"stream_name":"stdout","time":1987.024406125,"data":"[12:03:18]   ep 10/20  loss 0.0597  val bal 0.96737  lr 1.76e-04\n"}
,{"stream_name":"stdout","time":2050.554310294,"data":"[12:04:21]   ep 11/20  loss 0.0594  val bal 0.96658  lr 1.50e-04\n"}
,{"stream_name":"stdout","time":2114.105581243,"data":"[12:05:25]   ep 12/20  loss 0.0590  val bal 0.96703  lr 1.24e-04\n"}
,{"stream_name":"stdout","time":2177.652163501,"data":"[12:06:28]   ep 13/20  loss 0.0586  val bal 0.96748  lr 9.88e-05\n"}
,{"stream_name":"stdout","time":2241.211326283,"data":"[12:07:32]   ep 14/20  loss 0.0583  val bal 0.96777  lr 7.51e-05\n"}
,{"stream_name":"stdout","time":2304.743310471,"data":"[12:08:35]   ep 15/20  loss 0.0579  val bal 0.96808  lr 5.37e-05\n"}
,{"stream_name":"stdout","time":2368.282468441,"data":"[12:09:39]   ep 16/20  loss 0.0577  val bal 0.96811  lr 3.52e-05\n"}
,{"stream_name":"stdout","time":2431.808167845,"data":"[12:10:42]   ep 17/20  loss 0.0573  val bal 0.96739  lr 2.01e-05\n"}
,{"stream_name":"stdout","time":2495.344310358,"data":"[12:11:46]   ep 18/20  loss 0.0570  val bal 0.96785  lr 9.08e-06\n"}
,{"stream_name":"stdout","time":2558.88219048,"data":"[12:12:50]   ep 19/20  loss 0.0568  val bal 0.96827  lr 2.30e-06\n"}
,{"stream_name":"stdout","time":2622.410252365,"data":"[12:13:53]   ep 20/20  loss 0.0567  val bal 0.96797  lr 3.78e-11\n"}
,{"stream_name":"stdout","time":2629.493463233,"data":"[12:14:00] === fold 3/5  train 504000  val 126000 ===\n"}
,{"stream_name":"stdout","time":2693.143921479,"data":"[12:15:04]   ep  1/20  loss 0.1586  val bal 0.96325  lr 1.49e-04\n"}
,{"stream_name":"stdout","time":2756.67345923,"data":"[12:16:07]   ep  2/20  loss 0.0666  val bal 0.96107  lr 2.99e-04\n"}
,{"stream_name":"stdout","time":2820.223331602,"data":"[12:17:11]   ep  3/20  loss 0.0645  val bal 0.96541  lr 2.98e-04\n"}
,{"stream_name":"stdout","time":2883.76584346,"data":"[12:18:14]   ep  4/20  loss 0.0637  val bal 0.96574  lr 2.91e-04\n"}
,{"stream_name":"stdout","time":2947.311825908,"data":"[12:19:18]   ep  5/20  loss 0.0627  val bal 0.96733  lr 2.80e-04\n"}
,{"stream_name":"stdout","time":3010.848268769,"data":"[12:20:22]   ep  6/20  loss 0.0614  val bal 0.96639  lr 2.65e-04\n"}
,{"stream_name":"stdout","time":3074.410568264,"data":"[12:21:25]   ep  7/20  loss 0.0607  val bal 0.96790  lr 2.46e-04\n"}
,{"stream_name":"stdout","time":3137.950741175,"data":"[12:22:29]   ep  8/20  loss 0.0605  val bal 0.96878  lr 2.25e-04\n"}
,{"stream_name":"stdout","time":3201.515619966,"data":"[12:23:32]   ep  9/20  loss 0.0599  val bal 0.96833  lr 2.01e-04\n"}
,{"stream_name":"stdout","time":3265.066296202,"data":"[12:24:36]   ep 10/20  loss 0.0598  val bal 0.96870  lr 1.76e-04\n"}
,{"stream_name":"stdout","time":3328.591661958,"data":"[12:25:39]   ep 11/20  loss 0.0593  val bal 0.96729  lr 1.50e-04\n"}
,{"stream_name":"stdout","time":3392.126722914,"data":"[12:26:43]   ep 12/20  loss 0.0590  val bal 0.96904  lr 1.24e-04\n"}
,{"stream_name":"stdout","time":3455.661442716,"data":"[12:27:46]   ep 13/20  loss 0.0586  val bal 0.96854  lr 9.88e-05\n"}
,{"stream_name":"stdout","time":3519.207868261,"data":"[12:28:50]   ep 14/20  loss 0.0582  val bal 0.96779  lr 7.51e-05\n"}
,{"stream_name":"stdout","time":3582.735967103,"data":"[12:29:53]   ep 15/20  loss 0.0578  val bal 0.96855  lr 5.37e-05\n"}
,{"stream_name":"stdout","time":3646.280737992,"data":"[12:30:57]   ep 16/20  loss 0.0575  val bal 0.96834  lr 3.52e-05\n"}
,{"stream_name":"stdout","time":3709.815052008,"data":"[12:32:00]   ep 17/20  loss 0.0571  val bal 0.96847  lr 2.01e-05\n"}
,{"stream_name":"stdout","time":3773.355261434,"data":"[12:33:04]   ep 18/20  loss 0.0568  val bal 0.96883  lr 9.08e-06\n"}
,{"stream_name":"stdout","time":3836.907380598,"data":"[12:34:08]   ep 19/20  loss 0.0566  val bal 0.96887  lr 2.30e-06\n"}
,{"stream_name":"stdout","time":3900.494164267,"data":"[12:35:11]   ep 20/20  loss 0.0565  val bal 0.96877  lr 3.78e-11\n"}
,{"stream_name":"stdout","time":3907.583089092,"data":"[12:35:18] === fold 4/5  train 504000  val 126000 ===\n"}
,{"stream_name":"stdout","time":3971.251504932,"data":"[12:36:22]   ep  1/20  loss 0.1889  val bal 0.96330  lr 1.49e-04\n"}
,{"stream_name":"stdout","time":4034.852201162,"data":"[12:37:26]   ep  2/20  loss 0.0663  val bal 0.96186  lr 2.99e-04\n"}
,{"stream_name":"stdout","time":4098.405560576,"data":"[12:38:29]   ep  3/20  loss 0.0648  val bal 0.96356  lr 2.98e-04\n"}
,{"stream_name":"stdout","time":4161.930581891,"data":"[12:39:33]   ep  4/20  loss 0.0630  val bal 0.96384  lr 2.91e-04\n"}
,{"stream_name":"stdout","time":4225.463985134,"data":"[12:40:36]   ep  5/20  loss 0.0618  val bal 0.96358  lr 2.80e-04\n"}
,{"stream_name":"stdout","time":4288.983104175,"data":"[12:41:40]   ep  6/20  loss 0.0612  val bal 0.96567  lr 2.65e-04\n"}
,{"stream_name":"stdout","time":4352.480060013,"data":"[12:42:43]   ep  7/20  loss 0.0608  val bal 0.96548  lr 2.46e-04\n"}
,{"stream_name":"stdout","time":4416.011828882,"data":"[12:43:47]   ep  8/20  loss 0.0604  val bal 0.96523  lr 2.25e-04\n"}
,{"stream_name":"stdout","time":4479.522015137,"data":"[12:44:50]   ep  9/20  loss 0.0602  val bal 0.96625  lr 2.01e-04\n"}
,{"stream_name":"stdout","time":4543.0489463,"data":"[12:45:54]   ep 10/20  loss 0.0597  val bal 0.96622  lr 1.76e-04\n"}
,{"stream_name":"stdout","time":4606.56368466,"data":"[12:46:57]   ep 11/20  loss 0.0594  val bal 0.96412  lr 1.50e-04\n"}
,{"stream_name":"stdout","time":4670.105149251,"data":"[12:48:01]   ep 12/20  loss 0.0591  val bal 0.96613  lr 1.24e-04\n"}
,{"stream_name":"stdout","time":4733.637108769,"data":"[12:49:04]   ep 13/20  loss 0.0587  val bal 0.96719  lr 9.88e-05\n"}
,{"stream_name":"stdout","time":4797.15336621,"data":"[12:50:08]   ep 14/20  loss 0.0583  val bal 0.96664  lr 7.51e-05\n"}
,{"stream_name":"stdout","time":4860.679630411,"data":"[12:51:11]   ep 15/20  loss 0.0580  val bal 0.96682  lr 5.37e-05\n"}
,{"stream_name":"stdout","time":4924.216773708,"data":"[12:52:15]   ep 16/20  loss 0.0575  val bal 0.96663  lr 3.52e-05\n"}
,{"stream_name":"stdout","time":4987.74391923,"data":"[12:53:18]   ep 17/20  loss 0.0573  val bal 0.96735  lr 2.01e-05\n"}
,{"stream_name":"stdout","time":5051.268094445,"data":"[12:54:22]   ep 18/20  loss 0.0571  val bal 0.96765  lr 9.08e-06\n"}
,{"stream_name":"stdout","time":5114.795621965,"data":"[12:55:25]   ep 19/20  loss 0.0569  val bal 0.96773  lr 2.30e-06\n"}
,{"stream_name":"stdout","time":5178.331547292,"data":"[12:56:29]   ep 20/20  loss 0.0569  val bal 0.96769  lr 3.78e-11\n"}
,{"stream_name":"stdout","time":5185.42534553,"data":"[12:56:36] === fold 5/5  train 504000  val 126000 ===\n"}
,{"stream_name":"stdout","time":5249.010922476,"data":"[12:57:40]   ep  1/20  loss 0.1663  val bal 0.96195  lr 1.49e-04\n"}
,{"stream_name":"stdout","time":5312.500822821,"data":"[12:58:43]   ep  2/20  loss 0.0670  val bal 0.96241  lr 2.99e-04\n"}
,{"stream_name":"stdout","time":5376.012191648,"data":"[12:59:47]   ep  3/20  loss 0.0652  val bal 0.96388  lr 2.98e-04\n"}
,{"stream_name":"stdout","time":5439.577338298,"data":"[13:00:50]   ep  4/20  loss 0.0640  val bal 0.96297  lr 2.91e-04\n"}
,{"stream_name":"stdout","time":5503.117752186,"data":"[13:01:54]   ep  5/20  loss 0.0632  val bal 0.96374  lr 2.80e-04\n"}
,{"stream_name":"stdout","time":5566.621486474,"data":"[13:02:57]   ep  6/20  loss 0.0620  val bal 0.96402  lr 2.65e-04\n"}
,{"stream_name":"stdout","time":5630.125411827,"data":"[13:04:01]   ep  7/20  loss 0.0614  val bal 0.96312  lr 2.46e-04\n"}
,{"stream_name":"stdout","time":5693.630971765,"data":"[13:05:04]   ep  8/20  loss 0.0612  val bal 0.96480  lr 2.25e-04\n"}
,{"stream_name":"stdout","time":5757.156842855,"data":"[13:06:08]   ep  9/20  loss 0.0607  val bal 0.96488  lr 2.01e-04\n"}
,{"stream_name":"stdout","time":5820.711316391,"data":"[13:07:11]   ep 10/20  loss 0.0603  val bal 0.96594  lr 1.76e-04\n"}
,{"stream_name":"stdout","time":5884.276267751,"data":"[13:08:15]   ep 11/20  loss 0.0600  val bal 0.96515  lr 1.50e-04\n"}
,{"stream_name":"stdout","time":5947.803755169,"data":"[13:09:18]   ep 12/20  loss 0.0596  val bal 0.96673  lr 1.24e-04\n"}
,{"stream_name":"stdout","time":6011.333790668,"data":"[13:10:22]   ep 13/20  loss 0.0593  val bal 0.96657  lr 9.88e-05\n"}
,{"stream_name":"stdout","time":6074.841518564,"data":"[13:11:25]   ep 14/20  loss 0.0589  val bal 0.96666  lr 7.51e-05\n"}
,{"stream_name":"stdout","time":6138.346912166,"data":"[13:12:29]   ep 15/20  loss 0.0585  val bal 0.96655  lr 5.37e-05\n"}
,{"stream_name":"stdout","time":6201.858835515,"data":"[13:13:33]   ep 16/20  loss 0.0583  val bal 0.96706  lr 3.52e-05\n"}
,{"stream_name":"stdout","time":6265.360552302,"data":"[13:14:36]   ep 17/20  loss 0.0579  val bal 0.96659  lr 2.01e-05\n"}
,{"stream_name":"stdout","time":6328.887965687,"data":"[13:15:40]   ep 18/20  loss 0.0577  val bal 0.96599  lr 9.08e-06\n"}
,{"stream_name":"stdout","time":6392.408670229,"data":"[13:16:43]   ep 19/20  loss 0.0574  val bal 0.96599  lr 2.30e-06\n"}
,{"stream_name":"stdout","time":6455.923106796,"data":"[13:17:47]   ep 20/20  loss 0.0574  val bal 0.96596  lr 3.78e-11\n"}
,{"stream_name":"stdout","time":6478.777310581,"data":"[13:18:09] OOF argmax=0.96779  reweight=0.94062  tuned=0.96780  bias=[2.9324, 2.7689, 2.8008]\n"}
,{"stream_name":"stdout","time":6478.832974029,"data":"[13:18:09] OOF tuned confusion matrix:\n"}
,{"stream_name":"stdout","time":6478.833005255,"data":"           Low  Medium   High\n"}
,{"stream_name":"stdout","time":6478.833010677,"data":"Low     368345    1572      0\n"}
,{"stream_name":"stdout","time":6478.83301524,"data":"Medium    5230  228912   4932\n"}
,{"stream_name":"stdout","time":6478.833019982,"data":"High         0    1047  19962\n"}
,{"stream_name":"stdout","time":6479.109837716,"data":"[13:18:10] done\n"}
,{"stream_name":"stderr","time":6482.780058407,"data":"/usr/local/lib/python3.12/dist-packages/mistune.py:435: SyntaxWarning: invalid escape sequence '\\|'\n"}
,{"stream_name":"stderr","time":6482.780129388,"data":"  cells[i][c] = re.sub('\\\\\\\\\\|', '|', cell)\n"}
,{"stream_name":"stderr","time":6483.022020191,"data":"/usr/local/lib/python3.12/dist-packages/nbconvert/filters/filter_links.py:36: SyntaxWarning: invalid escape sequence '\\_'\n"}
,{"stream_name":"stderr","time":6483.022068724,"data":"  text = re.sub(r'_', '\\_', text) # Escape underscores in display text\n"}
,{"stream_name":"stderr","time":6483.744678586,"data":"[NbConvertApp] Converting notebook __script__.ipynb to html\n"}
,{"stream_name":"stderr","time":6485.039526763,"data":"[NbConvertApp] Writing 387477 bytes to __results__.html\n"}
]