[{"stream_name":"stdout","time":0.936601728,"data":"[boot] gpu compute_cap = ['6.0']\n"}
,{"stream_name":"stdout","time":0.936684662,"data":"[boot] sm_60/61 detected — installing torch 2.5.1 cu121\n"}
,{"stream_name":"stdout","time":13.246191157,"data":"     ━━━━━━━━━━━━━━━━━━━━━━━━━━━━━━━━━━━━━━━ 780.4/780.4 MB 2.2 MB/s eta 0:00:00\n"}
,{"stream_name":"stdout","time":61.349259977,"data":"[boot] torch reinstall done\n"}
,{"stream_name":"stdout","time":66.978123435,"data":"[05:30:17] torch 2.5.1+cu121 cuda=True device=cuda\n"}
,{"stream_name":"stdout","time":66.978956331,"data":"[05:30:17] listing /kaggle/input/\n"}
,{"stream_name":"stdout","time":66.98663366,"data":"[05:30:17]   /kaggle/input/competitions/playground-series-s6e4/sample_submission.csv\n"}
,{"stream_name":"stdout","time":66.987214947,"data":"[05:30:17]   /kaggle/input/competitions/playground-series-s6e4/test.csv\n"}
,{"stream_name":"stdout","time":66.987810733,"data":"[05:30:17]   /kaggle/input/competitions/playground-series-s6e4/train.csv\n"}
,{"stream_name":"stdout","time":66.98786952,"data":"[05:30:17]   /kaggle/input/datasets/chrisleitescha/irrigation-greedy-blend-oof/oof_greedy_blend.npy\n"}
,{"stream_name":"stdout","time":66.98787846,"data":"[05:30:17]   /kaggle/input/datasets/chrisleitescha/irrigation-greedy-blend-oof/oof_xgb_nonrule.npy\n"}
,{"stream_name":"stdout","time":66.987884953,"data":"[05:30:17]   /kaggle/input/datasets/chrisleitescha/irrigation-greedy-blend-oof/test_greedy_blend.npy\n"}
,{"stream_name":"stdout","time":66.98790781,"data":"[05:30:17]   /kaggle/input/datasets/chrisleitescha/irrigation-greedy-blend-oof/test_xgb_nonrule.npy\n"}
,{"stream_name":"stdout","time":70.395230213,"data":"[05:30:20] train (630000, 21) test (270000, 20)  greedy OOF (630000, 3)  xgb_nonrule OOF (630000, 3)\n"}
,{"stream_name":"stdout","time":71.372710329,"data":"[05:30:21] cat cardinalities: {'Soil_Type': 4, 'Crop_Type': 6, 'Season': 3, 'Irrigation_Type': 4, 'Water_Source': 4, 'Region': 5}\n"}
,{"stream_name":"stdout","time":71.487525072,"data":"[05:30:21] === training variant nonrule | hidden=[256, 192, 128, 96] | n_num=7 n_cat=6 ===\n"}
,{"stream_name":"stdout","time":71.738237519,"data":"[05:30:22]   nonrule params: 127,763\n"}
,{"stream_name":"stdout","time":234.301259928,"data":"[05:33:04]   fold 1/5 best val bal_acc 0.43354  (163s)\n"}
,{"stream_name":"stdout","time":234.447658312,"data":"[05:33:04]   fold-1 jaccard vs greedy=0.0145 | vs xgb_nonrule=0.3539 (|E_mlp|=76536, |E_greedy|=1772, |E_nonrule|=43788)\n"}
,{"stream_name":"stdout","time":385.214678331,"data":"[05:35:35]   fold 2/5 best val bal_acc 0.43632  (151s)\n"}
,{"stream_name":"stdout","time":538.286743254,"data":"[05:38:08]   fold 3/5 best val bal_acc 0.43738  (153s)\n"}
,{"stream_name":"stdout","time":683.766314729,"data":"[05:40:34]   fold 4/5 best val bal_acc 0.43390  (145s)\n"}
,{"stream_name":"stdout","time":837.048846936,"data":"[05:43:07]   fold 5/5 best val bal_acc 0.43093  (153s)\n"}
,{"stream_name":"stdout","time":848.549601004,"data":"[05:43:19] nonrule OOF argmax=0.43441  tuned=0.43338  bias=[3.3324, 3.3689, 3.4008]\n"}
,{"stream_name":"stdout","time":848.593329542,"data":"[05:43:19] === training variant top3 | hidden=[128, 96, 64] | n_num=3 n_cat=0 ===\n"}
,{"stream_name":"stdout","time":848.691498674,"data":"[05:43:19]   top3 params: 22,611\n"}
,{"stream_name":"stdout","time":953.139094369,"data":"[05:45:03]   fold 1/5 best val bal_acc 0.42003  (104s)\n"}
,{"stream_name":"stdout","time":953.249122535,"data":"[05:45:03]   fold-1 jaccard vs greedy=0.0144 | vs xgb_nonrule=0.3379 (|E_mlp|=76046, |E_greedy|=1772, |E_nonrule|=43788)\n"}
,{"stream_name":"stdout","time":1058.930598247,"data":"[05:46:49]   fold 2/5 best val bal_acc 0.42397  (106s)\n"}
,{"stream_name":"stdout","time":1169.26310062,"data":"[05:48:39]   fold 3/5 best val bal_acc 0.42462  (110s)\n"}
,{"stream_name":"stdout","time":1276.93981678,"data":"[05:50:27]   fold 4/5 best val bal_acc 0.42714  (108s)\n"}
,{"stream_name":"stdout","time":1385.417335988,"data":"[05:52:15]   fold 5/5 best val bal_acc 0.42551  (108s)\n"}
,{"stream_name":"stdout","time":1403.039766257,"data":"[05:52:33] top3 OOF argmax=0.42425  tuned=0.42393  bias=[3.3324, 3.3689, 3.4008]\n"}
,{"stream_name":"stdout","time":1403.061288689,"data":"[05:52:33] done\n"}
,{"stream_name":"stderr","time":1407.375101242,"data":"/usr/local/lib/python3.12/dist-packages/mistune.py:435: SyntaxWarning: invalid escape sequence '\\|'\n"}
,{"stream_name":"stderr","time":1407.375166276,"data":"  cells[i][c] = re.sub('\\\\\\\\\\|', '|', cell)\n"}
,{"stream_name":"stderr","time":1407.662850996,"data":"/usr/local/lib/python3.12/dist-packages/nbconvert/filters/filter_links.py:36: SyntaxWarning: invalid escape sequence '\\_'\n"}
,{"stream_name":"stderr","time":1407.662881048,"data":"  text = re.sub(r'_', '\\_', text) # Escape underscores in display text\n"}
,{"stream_name":"stderr","time":1408.44542472,"data":"[NbConvertApp] Converting notebook __script__.ipynb to html\n"}
,{"stream_name":"stderr","time":1409.912947986,"data":"[NbConvertApp] Writing 359400 bytes to __results__.html\n"}
]