[{"stream_name":"stdout","time":0.849930401,"data":"[boot] gpu compute_cap = ['6.0']\n"}
,{"stream_name":"stdout","time":0.85001537,"data":"[boot] sm_60/61 detected - pinning torch+torchvision cu121\n"}
,{"stream_name":"stdout","time":12.86745438,"data":"     ━━━━━━━━━━━━━━━━━━━━━━━━━━━━━━━━━━━━━━━ 780.4/780.4 MB 2.3 MB/s eta 0:00:00\n"}
,{"stream_name":"stdout","time":18.828500583,"data":"     ━━━━━━━━━━━━━━━━━━━━━━━━━━━━━━━━━━━━━━━━ 7.3/7.3 MB 2.7 MB/s eta 0:00:00\n"}
,{"stream_name":"stdout","time":64.382989226,"data":"   ━━━━━━━━━━━━━━━━━━━━━━━━━━━━━━━━━━━━━━━━ 146.3/146.3 kB 1.3 MB/s eta 0:00:00\n"}
,{"stream_name":"stdout","time":71.984266479,"data":"   ━━━━━━━━━━━━━━━━━━━━━━━━━━━━━━━━━━━━━━━━ 410.6/410.6 MB 4.3 MB/s eta 0:00:00\n"}
,{"stream_name":"stdout","time":72.268331741,"data":"   ━━━━━━━━━━━━━━━━━━━━━━━━━━━━━━━━━━━━━━━━ 14.1/14.1 MB 48.6 MB/s eta 0:00:00\n"}
,{"stream_name":"stdout","time":72.729169013,"data":"   ━━━━━━━━━━━━━━━━━━━━━━━━━━━━━━━━━━━━━━━━ 23.7/23.7 MB 42.1 MB/s eta 0:00:00\n"}
,{"stream_name":"stdout","time":72.805859207,"data":"   ━━━━━━━━━━━━━━━━━━━━━━━━━━━━━━━━━━━━━━━━ 823.6/823.6 kB 44.5 MB/s eta 0:00:00\n"}
,{"stream_name":"stdout","time":85.053401383,"data":"   ━━━━━━━━━━━━━━━━━━━━━━━━━━━━━━━━━━━━━━━━ 664.8/664.8 MB 2.6 MB/s eta 0:00:00\n"}
,{"stream_name":"stdout","time":87.517013504,"data":"   ━━━━━━━━━━━━━━━━━━━━━━━━━━━━━━━━━━━━━━━━ 121.6/121.6 MB 10.1 MB/s eta 0:00:00\n"}
,{"stream_name":"stdout","time":92.146751218,"data":"   ━━━━━━━━━━━━━━━━━━━━━━━━━━━━━━━━━━━━━━━━ 56.5/56.5 MB 2.6 MB/s eta 0:00:00\n"}
,{"stream_name":"stdout","time":94.787605917,"data":"   ━━━━━━━━━━━━━━━━━━━━━━━━━━━━━━━━━━━━━━━━ 124.2/124.2 MB 12.6 MB/s eta 0:00:00\n"}
,{"stream_name":"stdout","time":98.797210355,"data":"   ━━━━━━━━━━━━━━━━━━━━━━━━━━━━━━━━━━━━━━━━ 196.0/196.0 MB 8.7 MB/s eta 0:00:00\n"}
,{"stream_name":"stdout","time":102.380685758,"data":"   ━━━━━━━━━━━━━━━━━━━━━━━━━━━━━━━━━━━━━━━━ 188.7/188.7 MB 9.0 MB/s eta 0:00:00\n"}
,{"stream_name":"stdout","time":102.453627779,"data":"   ━━━━━━━━━━━━━━━━━━━━━━━━━━━━━━━━━━━━━━━━ 99.1/99.1 kB 7.1 MB/s eta 0:00:00\n"}
,{"stream_name":"stdout","time":102.600738361,"data":"   ━━━━━━━━━━━━━━━━━━━━━━━━━━━━━━━━━━━━━━━━ 6.2/6.2 MB 70.5 MB/s eta 0:00:00\n"}
,{"stream_name":"stdout","time":106.53267785,"data":"   ━━━━━━━━━━━━━━━━━━━━━━━━━━━━━━━━━━━━━━━━ 209.6/209.6 MB 8.5 MB/s eta 0:00:00\n"}
,{"stream_name":"stderr","time":190.724853962,"data":"ERROR: pip's dependency resolver does not currently take into account all the packages that are installed. This behaviour is the source of the following dependency conflicts.\n"}
,{"stream_name":"stderr","time":190.724914583,"data":"torchaudio 2.10.0+cu128 requires torch==2.10.0, but you have torch 2.5.1+cu121 which is incompatible.\n"}
,{"stream_name":"stdout","time":195.748185308,"data":"[boot] torch=2.5.1+cu121 cuda_avail=True\n"}
,{"stream_name":"stdout","time":195.748244502,"data":"[boot] torch_frame=0.3.0\n"}
,{"stream_name":"stdout","time":195.772990802,"data":"[boot] GPU info: Tesla P100-PCIE-16GB, 6.0, 16384 MiB\n"}
,{"stream_name":"stdout","time":195.773028104,"data":"[main] SMOKE=False PROBE=False N_FOLDS=5 MAX_FOLDS=5 N_EPOCHS=12\n"}
,{"stream_name":"stdout","time":195.773031433,"data":"[data] loading train / test / orig\n"}
,{"stream_name":"stdout","time":198.76764423,"data":"[data] train=630,000 test=270,000 orig=10,000\n"}
,{"stream_name":"stdout","time":198.767702167,"data":"[data] factorizing cats to numerics for ExcelFormer\n"}
,{"stream_name":"stdout","time":199.369234488,"data":"[main] device=cuda\n"}
,{"stream_name":"stdout","time":199.451187726,"data":"=== fold 1/5 ===\n"}
,{"stream_name":"stdout","time":431.161437064,"data":"      epoch 1/12 train_loss=0.4708\n"}
,{"stream_name":"stdout","time":571.831008855,"data":"      epoch 6/12 train_loss=0.3264\n"}
,{"stream_name":"stdout","time":712.448866261,"data":"      epoch 11/12 train_loss=0.3165\n"}
,{"stream_name":"stdout","time":740.556640097,"data":"      epoch 12/12 train_loss=0.3164\n"}
,{"stream_name":"stdout","time":748.270976241,"data":"  fold 1 argmax bal_acc = 0.95853 (elapsed 9.1m)\n"}
,{"stream_name":"stdout","time":748.277814588,"data":"=== fold 2/5 ===\n"}
,{"stream_name":"stdout","time":977.022116363,"data":"      epoch 1/12 train_loss=0.4961\n"}
,{"stream_name":"stdout","time":1117.67452152,"data":"      epoch 6/12 train_loss=0.3254\n"}
,{"stream_name":"stdout","time":1258.275781056,"data":"      epoch 11/12 train_loss=0.3140\n"}
,{"stream_name":"stdout","time":1286.360627344,"data":"      epoch 12/12 train_loss=0.3129\n"}
,{"stream_name":"stdout","time":1294.049431717,"data":"  fold 2 argmax bal_acc = 0.96167 (elapsed 18.2m)\n"}
,{"stream_name":"stdout","time":1294.05656313,"data":"=== fold 3/5 ===\n"}
,{"stream_name":"stdout","time":1524.917969224,"data":"      epoch 1/12 train_loss=0.4940\n"}
,{"stream_name":"stdout","time":1666.011080024,"data":"      epoch 6/12 train_loss=0.3298\n"}
,{"stream_name":"stdout","time":1807.451623853,"data":"      epoch 11/12 train_loss=0.3203\n"}
,{"stream_name":"stdout","time":1835.840212416,"data":"      epoch 12/12 train_loss=0.3203\n"}
,{"stream_name":"stdout","time":1843.656834358,"data":"  fold 3 argmax bal_acc = 0.96171 (elapsed 27.4m)\n"}
,{"stream_name":"stdout","time":1843.664830939,"data":"=== fold 4/5 ===\n"}
,{"stream_name":"stdout","time":2078.904232714,"data":"      epoch 1/12 train_loss=0.4664\n"}
,{"stream_name":"stdout","time":2220.366171668,"data":"      epoch 6/12 train_loss=0.3294\n"}
,{"stream_name":"stdout","time":2362.021942789,"data":"      epoch 11/12 train_loss=0.3180\n"}
,{"stream_name":"stdout","time":2390.339518743,"data":"      epoch 12/12 train_loss=0.3172\n"}
,{"stream_name":"stdout","time":2398.099888704,"data":"  fold 4 argmax bal_acc = 0.96148 (elapsed 36.6m)\n"}
,{"stream_name":"stdout","time":2398.10636053,"data":"=== fold 5/5 ===\n"}
,{"stream_name":"stdout","time":2629.46573514,"data":"      epoch 1/12 train_loss=0.4917\n"}
,{"stream_name":"stdout","time":2771.241472737,"data":"      epoch 6/12 train_loss=0.3318\n"}
,{"stream_name":"stdout","time":2912.62130981,"data":"      epoch 11/12 train_loss=0.3213\n"}
,{"stream_name":"stdout","time":2940.917105833,"data":"      epoch 12/12 train_loss=0.3206\n"}
,{"stream_name":"stdout","time":2948.680871506,"data":"  fold 5 argmax bal_acc = 0.95524 (elapsed 45.8m)\n"}
,{"stream_name":"stdout","time":2948.680927884,"data":"!! MAX_FOLDS reached (5) - PROBE mode\n"}
,{"stream_name":"stdout","time":2964.270914719,"data":"tuned OOF bal_acc = 0.96480 bias=[1.4324, 1.0689, 3.4008] (5/5 folds)\n"}
,{"stream_name":"stdout","time":2964.544413643,"data":"wrote oof_excelformer.npy / test_excelformer.npy / submission_excelformer_tuned.csv / excelformer_results.json\n"}
,{"stream_name":"stdout","time":2964.545334097,"data":"[boot] torch=2.5.1+cu121 cuda_avail=True\n"}
,{"stream_name":"stdout","time":2964.545348405,"data":"[boot] torch_frame=0.3.0\n"}
,{"stream_name":"stdout","time":2964.569779019,"data":"[boot] GPU info: Tesla P100-PCIE-16GB, 6.0, 16384 MiB\n"}
,{"stream_name":"stdout","time":2964.569815795,"data":"[main] SMOKE=False PROBE=False N_FOLDS=5 MAX_FOLDS=5 N_EPOCHS=12\n"}
,{"stream_name":"stdout","time":2964.569820557,"data":"[data] loading train / test / orig\n"}
,{"stream_name":"stdout","time":2966.642200899,"data":"[data] train=630,000 test=270,000 orig=10,000\n"}
,{"stream_name":"stdout","time":2966.642246427,"data":"[data] factorizing cats to numerics for ExcelFormer\n"}
,{"stream_name":"stdout","time":2967.243891188,"data":"[main] device=cuda\n"}
,{"stream_name":"stdout","time":2967.323497511,"data":"=== fold 1/5 ===\n"}
,{"stream_name":"stdout","time":3199.605711738,"data":"      epoch 1/12 train_loss=0.4829\n"}
,{"stream_name":"stdout","time":3341.062263555,"data":"      epoch 6/12 train_loss=0.3236\n"}
,{"stream_name":"stdout","time":3482.516391304,"data":"      epoch 11/12 train_loss=0.3120\n"}
,{"stream_name":"stdout","time":3510.815836719,"data":"      epoch 12/12 train_loss=0.3111\n"}
,{"stream_name":"stdout","time":3518.588908099,"data":"  fold 1 argmax bal_acc = 0.95926 (elapsed 9.2m)\n"}
,{"stream_name":"stdout","time":3518.595227188,"data":"=== fold 2/5 ===\n"}
,{"stream_name":"stdout","time":3750.053041457,"data":"      epoch 1/12 train_loss=0.4903\n"}
]