[{"stream_name":"stdout","time":0.843852261,"data":"[boot] installing pytabkit\n"}
,{"stream_name":"stdout","time":4.259630494,"data":"   ━━━━━━━━━━━━━━━━━━━━━━━━━━━━━━━━━━━━━━━━ 364.0/364.0 kB 12.6 MB/s eta 0:00:00\n"}
,{"stream_name":"stdout","time":32.827258382,"data":"[boot] GPU info: Tesla P100-PCIE-16GB, 6.0, 16384 MiB\n"}
,{"stream_name":"stdout","time":32.827359504,"data":"[12:07:16] loading train / test / orig\n"}
,{"stream_name":"stdout","time":35.61439331,"data":"[12:07:19]   train=630,000  test=270,000  orig=10,000\n"}
,{"stream_name":"stdout","time":36.615416085,"data":"[12:07:20]   building 15 pair combos\n"}
,{"stream_name":"stdout","time":38.058268645,"data":"[12:07:21]   skipped Soil_Moisture_x_Temperature_C (nunique \u003e N/2, uninformative)\n"}
,{"stream_name":"stdout","time":39.460089635,"data":"[12:07:23]   skipped Soil_Moisture_x_Wind_Speed_kmh (nunique \u003e N/2, uninformative)\n"}
,{"stream_name":"stdout","time":40.227466215,"data":"[12:07:24]   skipped Soil_Moisture_x_Rainfall_mm (nunique \u003e N/2, uninformative)\n"}
,{"stream_name":"stdout","time":43.957734162,"data":"[12:07:27]   skipped Temperature_C_x_Wind_Speed_kmh (nunique \u003e N/2, uninformative)\n"}
,{"stream_name":"stdout","time":44.750442537,"data":"[12:07:28]   skipped Temperature_C_x_Rainfall_mm (nunique \u003e N/2, uninformative)\n"}
,{"stream_name":"stdout","time":46.692610797,"data":"[12:07:30]   skipped Wind_Speed_kmh_x_Rainfall_mm (nunique \u003e N/2, uninformative)\n"}
,{"stream_name":"stdout","time":46.692650749,"data":"[12:07:30]   kept 9 combo cols\n"}
,{"stream_name":"stdout","time":46.814167846,"data":"[12:07:30] === fold 1/5 ===\n"}
,{"stream_name":"stdout","time":47.049689846,"data":"[12:07:30]   fitting TargetEncoder on 9 combos\n"}
,{"stream_name":"stdout","time":50.247238817,"data":"[12:07:34]   fitting RealMLP_TD on 57 features, 504,000 rows\n"}
,{"stream_name":"stderr","time":50.248405287,"data":"/usr/local/lib/python3.12/dist-packages/sklearn/utils/deprecation.py:151: FutureWarning: 'force_all_finite' was renamed to 'ensure_all_finite' in 1.6 and will be removed in 1.8.\n"}
,{"stream_name":"stderr","time":50.24842074,"data":"  warnings.warn(\n"}
,{"stream_name":"stderr","time":50.371831415,"data":"/usr/local/lib/python3.12/dist-packages/sklearn/utils/deprecation.py:151: FutureWarning: 'force_all_finite' was renamed to 'ensure_all_finite' in 1.6 and will be removed in 1.8.\n"}
,{"stream_name":"stderr","time":50.371871195,"data":"  warnings.warn(\n"}
,{"stream_name":"stdout","time":51.655947906,"data":"Columns classified as continuous: ['Soil_pH_raw', 'Soil_Moisture_raw', 'Organic_Carbon_raw', 'Electrical_Conductivity_raw', 'Temperature_C_raw', 'Humidity_raw', 'Rainfall_mm_raw', 'Sunlight_Hours_raw', 'Wind_Speed_kmh_raw', 'Field_Area_hectare_raw', 'Previous_Irrigation_mm_raw', 'te_0', 'te_1', 'te_2', 'te_3', 'te_4', 'te_5', 'te_6', 'te_7', 'te_8', 'te_9', 'te_10', 'te_11', 'te_12', 'te_13', 'te_14', 'te_15', 'te_16', 'te_17', 'te_18', 'te_19', 'te_20', 'te_21', 'te_22', 'te_23', 'te_24', 'te_25', 'te_26']\n"}
,{"stream_name":"stdout","time":51.655997205,"data":"Columns classified as categorical: ['Soil_Type', 'Crop_Type', 'Crop_Growth_Stage', 'Season', 'Irrigation_Type', 'Water_Source', 'Mulching_Used', 'Region', 'Soil_pH', 'Soil_Moisture', 'Organic_Carbon', 'Electrical_Conductivity', 'Temperature_C', 'Humidity', 'Rainfall_mm', 'Sunlight_Hours', 'Wind_Speed_kmh', 'Field_Area_hectare', 'Previous_Irrigation_mm']\n"}
,{"stream_name":"stderr","time":51.862906939,"data":"/usr/local/lib/python3.12/dist-packages/torch/cuda/__init__.py:435: UserWarning: \n"}
,{"stream_name":"stderr","time":51.862941427,"data":"    Found GPU0 Tesla P100-PCIE-16GB which is of cuda capability 6.0.\n"}
,{"stream_name":"stderr","time":51.862968699,"data":"    Minimum and Maximum cuda capability supported by this version of PyTorch is\n"}
,{"stream_name":"stderr","time":51.862971932,"data":"    (7.0) - (12.0)\n"}
,{"stream_name":"stderr","time":51.862974491,"data":"    \n"}
,{"stream_name":"stderr","time":51.862976872,"data":"  queued_call()\n"}
,{"stream_name":"stderr","time":51.862979393,"data":"/usr/local/lib/python3.12/dist-packages/torch/cuda/__init__.py:435: UserWarning: \n"}
,{"stream_name":"stderr","time":51.862981955,"data":"    Please install PyTorch with a following CUDA\n"}
,{"stream_name":"stderr","time":51.86298445,"data":"    configurations:  12.6 following instructions at\n"}
,{"stream_name":"stderr","time":51.862986933,"data":"    https://pytorch.org/get-started/locally/\n"}
,{"stream_name":"stderr","time":51.862989587,"data":"    \n"}
,{"stream_name":"stderr","time":51.862991947,"data":"  queued_call()\n"}
,{"stream_name":"stderr","time":51.863430115,"data":"/usr/local/lib/python3.12/dist-packages/torch/cuda/__init__.py:435: UserWarning: \n"}
,{"stream_name":"stderr","time":51.863438334,"data":"Tesla P100-PCIE-16GB with CUDA capability sm_60 is not compatible with the current PyTorch installation.\n"}
,{"stream_name":"stderr","time":51.863442610999996,"data":"The current PyTorch install supports CUDA capabilities sm_70 sm_75 sm_80 sm_86 sm_90 sm_100 sm_120.\n"}
,{"stream_name":"stderr","time":51.863446443,"data":"If you want to use the Tesla P100-PCIE-16GB GPU with PyTorch, please check the instructions at https://pytorch.org/get-started/locally/\n"}
,{"stream_name":"stderr","time":51.863450479,"data":"\n"}
,{"stream_name":"stderr","time":51.863463491,"data":"  queued_call()\n"}
,{"stream_name":"stderr","time":52.110429819,"data":"Traceback (most recent call last):\n"}
,{"stream_name":"stderr","time":52.11048161,"data":"  File \"/kaggle/src/script.py\", line 359, in \u003cmodule\u003e\n"}
,{"stream_name":"stderr","time":52.110732463,"data":"    main()\n"}
,{"stream_name":"stderr","time":52.110813367,"data":"  File \"/kaggle/src/script.py\", line 323, in main\n"}
,{"stream_name":"stderr","time":52.111105056,"data":"    result = run_cv(train, test, orig, NUMS, CATS, combo_cols)\n"}
,{"stream_name":"stderr","time":52.111263409,"data":"             ^^^^^^^^^^^^^^^^^^^^^^^^^^^^^^^^^^^^^^^^^^^^^^^^^\n"}
,{"stream_name":"stderr","time":52.111304792,"data":"  File \"/kaggle/src/script.py\", line 253, in run_cv\n"}
,{"stream_name":"stderr","time":52.111626664,"data":"    model.fit(tr_frame, y_tr,\n"}
,{"stream_name":"stderr","time":52.111635255,"data":"  File \"/usr/local/lib/python3.12/dist-packages/pytabkit/models/sklearn/sklearn_base.py\", line 434, in fit\n"}
,{"stream_name":"stderr","time":52.111871901,"data":"    self.cv_alg_interface_.fit(ds=ds, idxs_list=idxs_list, interface_resources=interface_resources,\n"}
,{"stream_name":"stderr","time":52.111883737,"data":"  File \"/usr/local/lib/python3.12/dist-packages/pytabkit/models/alg_interfaces/nn_interfaces.py\", line 105, in fit\n"}
,{"stream_name":"stderr","time":52.112008432,"data":"    self.model.compile_model(ds, idxs_list, interface_resources)\n"}
,{"stream_name":"stderr","time":52.112048387,"data":"  File \"/usr/local/lib/python3.12/dist-packages/pytabkit/models/training/lightning_modules.py\", line 90, in compile_model\n"}
,{"stream_name":"stderr","time":52.112176424,"data":"    self.model = self.creator.create_model(ds, idxs_list=idxs_list)\n"}
,{"stream_name":"stderr","time":52.112336909,"data":"                 ^^^^^^^^^^^^^^^^^^^^^^^^^^^^^^^^^^^^^^^^^^^^^^^^^^\n"}
,{"stream_name":"stderr","time":52.112368346,"data":"  File \"/usr/local/lib/python3.12/dist-packages/pytabkit/models/training/nn_creator.py\", line 114, in create_model\n"}
,{"stream_name":"stderr","time":52.112546059,"data":"    self.static_model, ds = static_fitter.fit_transform(ds)\n"}
,{"stream_name":"stderr","time":52.112694666,"data":"                            ^^^^^^^^^^^^^^^^^^^^^^^^^^^^^^^\n"}
,{"stream_name":"stderr","time":52.112731105,"data":"  File \"/usr/local/lib/python3.12/dist-packages/pytabkit/models/nn_models/base.py\", line 630, in fit_transform\n"}
,{"stream_name":"stderr","time":52.113060861,"data":"    return self._fit_transform(ds, needs_tensors)\n"}
,{"stream_name":"stderr","time":52.113127831,"data":"           ^^^^^^^^^^^^^^^^^^^^^^^^^^^^^^^^^^^^^^\n"}
,{"stream_name":"stderr","time":52.113179064,"data":"  File \"/usr/local/lib/python3.12/dist-packages/pytabkit/models/nn_models/base.py\", line 764, in _fit_transform\n"}
,{"stream_name":"stderr","time":52.113463545,"data":"    tfm, ds = fitter.fit_transform(ds, needs_tensors=(i \u003c max_tensors_idx))\n"}
,{"stream_name":"stderr","time":52.11374922,"data":"              ^^^^^^^^^^^^^^^^^^^^^^^^^^^^^^^^^^^^^^^^^^^^^^^^^^^^^^^^^^^^^\n"}
,{"stream_name":"stderr","time":52.113765885,"data":"  File \"/usr/local/lib/python3.12/dist-packages/pytabkit/models/nn_models/base.py\", line 630, in fit_transform\n"}
,{"stream_name":"stderr","time":52.113995391,"data":"    return self._fit_transform(ds, needs_tensors)\n"}
,{"stream_name":"stderr","time":52.114100137,"data":"           ^^^^^^^^^^^^^^^^^^^^^^^^^^^^^^^^^^^^^^\n"}
,{"stream_name":"stderr","time":52.114158391,"data":"  File \"/usr/local/lib/python3.12/dist-packages/pytabkit/models/nn_models/base.py\", line 677, in _fit_transform\n"}
,{"stream_name":"stderr","time":52.114383611,"data":"    return tfm, tfm.forward_ds(ds)\n"}
,{"stream_name":"stderr","time":52.114445475,"data":"                ^^^^^^^^^^^^^^^^^^\n"}
,{"stream_name":"stderr","time":52.114458518,"data":"  File \"/usr/local/lib/python3.12/dist-packages/pytabkit/models/nn_models/base.py\", line 277, in forward_ds\n"}
,{"stream_name":"stderr","time":52.114703718,"data":"    return DictDataset(None if ds.tensors is None else self.forward_tensors(ds.tensors),\n"}
,{"stream_name":"stderr","time":52.114919668,"data":"                                                       ^^^^^^^^^^^^^^^^^^^^^^^^^^^^^^^^\n"}
,{"stream_name":"stderr","time":52.114925568,"data":"  File \"/usr/local/lib/python3.12/dist-packages/pytabkit/models/nn_models/categorical.py\", line 56, in forward_tensors\n"}
,{"stream_name":"stderr","time":52.115087207,"data":"    new_tensors.append(l.forward_tensors(sub_tensors))\n"}
,{"stream_name":"stderr","time":52.11518858,"data":"                       ^^^^^^^^^^^^^^^^^^^^^^^^^^^^^^\n"}
,{"stream_name":"stderr","time":52.115220136,"data":"  File \"/usr/local/lib/python3.12/dist-packages/pytabkit/models/nn_models/categorical.py\", line 201, in forward_tensors\n"}
,{"stream_name":"stderr","time":52.115393773,"data":"    cont = self._multiple(x_cat, on_value=on_value, off_value=off_value)\n"}
,{"stream_name":"stderr","time":52.115572761,"data":"           ^^^^^^^^^^^^^^^^^^^^^^^^^^^^^^^^^^^^^^^^^^^^^^^^^^^^^^^^^^^^^\n"}
,{"stream_name":"stderr","time":52.115611074,"data":"  File \"/usr/local/lib/python3.12/dist-packages/pytabkit/models/nn_models/categorical.py\", line 182, in _multiple\n"}
,{"stream_name":"stderr","time":52.115793791,"data":"    cont = torch.full(cont_shape, off_value, dtype=torch.float32, device=x_cat.device)\n"}
,{"stream_name":"stderr","time":52.116001022,"data":"           ^^^^^^^^^^^^^^^^^^^^^^^^^^^^^^^^^^^^^^^^^^^^^^^^^^^^^^^^^^^^^^^^^^^^^^^^^^^\n"}
,{"stream_name":"stderr","time":52.116054084,"data":"torch.AcceleratorError: CUDA error: no kernel image is available for execution on the device\n"}
,{"stream_name":"stderr","time":52.116070659,"data":"Search for `cudaErrorNoKernelImageForDevice' in https://docs.nvidia.com/cuda/cuda-runtime-api/group__CUDART__TYPES.html for more information.\n"}
,{"stream_name":"stderr","time":52.116074898,"data":"CUDA kernel errors might be asynchronously reported at some other API call, so the stacktrace below might be incorrect.\n"}
,{"stream_name":"stderr","time":52.116078553,"data":"For debugging consider passing CUDA_LAUNCH_BLOCKING=1\n"}
,{"stream_name":"stderr","time":52.116082059,"data":"Compile with `TORCH_USE_CUDA_DSA` to enable device-side assertions.\n"}
,{"stream_name":"stderr","time":52.116085584,"data":"\n"}
,{"stream_name":"stderr","time":56.56398756,"data":"/usr/local/lib/python3.12/dist-packages/mistune.py:435: SyntaxWarning: invalid escape sequence '\\|'\n"}
,{"stream_name":"stderr","time":56.564022466,"data":"  cells[i][c] = re.sub('\\\\\\\\\\|', '|', cell)\n"}
,{"stream_name":"stderr","time":56.772180222,"data":"/usr/local/lib/python3.12/dist-packages/nbconvert/filters/filter_links.py:36: SyntaxWarning: invalid escape sequence '\\_'\n"}
,{"stream_name":"stderr","time":56.77220919,"data":"  text = re.sub(r'_', '\\_', text) # Escape underscores in display text\n"}
,{"stream_name":"stderr","time":57.425083345,"data":"[NbConvertApp] Converting notebook __script__.ipynb to html\n"}
,{"stream_name":"stderr","time":58.621986347,"data":"[NbConvertApp] Writing 340349 bytes to __results__.html\n"}
]